#
# A fatal error has been detected by the Java Runtime Environment:
#
#  EXCEPTION_UNCAUGHT_CXX_EXCEPTION (0xe06d7363) at pc=0x00007ff8921c4f99, pid=9828, tid=7564
#
# JRE version: OpenJDK Runtime Environment (15.0.1+9) (build 15.0.1+9-18)
# Java VM: OpenJDK 64-Bit Server VM (15.0.1+9-18, mixed mode, tiered, compressed oops, g1 gc, windows-amd64)
# Problematic frame:
# C  [KERNELBASE.dll+0x34f99]
#
# No core dump will be written. Minidumps are not enabled by default on client versions of Windows
#
# If you would like to submit a bug report, please visit:
#   https://bugreport.java.com/bugreport/crash.jsp
#

---------------  S U M M A R Y ------------

Command Line: -ea -Dfile.encoding=Cp1252 -XX:+ShowCodeDetailsInExceptionMessages org.testng.remote.RemoteTestNG -serport 56841 -protocol json -d J:\WORKSPACE\WORKSPACE 1\selenium project\test-output C:\Users\KEDARN~1\AppData\Local\Temp\testng-eclipse-1187086936\testng-customsuite.xml

Host: Intel(R) Core(TM) i3-6006U CPU @ 2.00GHz, 4 cores, 3G,  Windows 10 , 64 bit Build 19041 (10.0.19041.1202)
Time: Mon Nov  1 01:35:45 2021 India Standard Time elapsed time: 17.446545 seconds (0d 0h 0m 17s)

---------------  T H R E A D  ---------------

Current thread (0x000001d8a7334e80):  JavaThread "main" [_thread_in_vm, id=7564, stack(0x000000c53ac00000,0x000000c53ad00000)]

Stack: [0x000000c53ac00000,0x000000c53ad00000],  sp=0x000000c53acfd070,  free space=1012k
Native frames: (J=compiled Java code, j=interpreted, Vv=VM code, C=native code)
C  [KERNELBASE.dll+0x34f99]
C  [VCRUNTIME140.dll+0x61e0]
C  [jimage.dll+0x3667]
C  [jimage.dll+0x2a51]
C  [jimage.dll+0x146b]
C  [jimage.dll+0x1ed3]
C  [jimage.dll+0x1f6a]
C  [jimage.dll+0x26a2]
V  [jvm.dll+0x1c6797]
V  [jvm.dll+0x1c5580]
V  [jvm.dll+0x706143]
V  [jvm.dll+0x707b08]
V  [jvm.dll+0x707e03]
V  [jvm.dll+0x20f044]
V  [jvm.dll+0x20f2d2]
V  [jvm.dll+0x51f693]
V  [jvm.dll+0x521ad4]
V  [jvm.dll+0x34d2f0]
V  [jvm.dll+0x34cd92]
C  0x000001d8aad6be4a

Java frames: (J=compiled Java code, j=interpreted, Vv=VM code)
j  java.lang.CharacterData.of(I)Ljava/lang/CharacterData;+96 java.base@15.0.1
j  java.lang.Character.getType(I)I+1 java.base@15.0.1
j  java.text.DecimalFormatSymbols.lambda$findNonFormatChar$0(I)Z+1 java.base@15.0.1
j  java.text.DecimalFormatSymbols$$Lambda$218+0x000000010027ad78.test(I)Z+1 java.base@15.0.1
j  java.util.stream.IntPipeline$9$1.accept(I)V+8 java.base@15.0.1
j  java.lang.StringUTF16$CharsSpliterator.tryAdvance(Ljava/util/function/IntConsumer;)Z+38 java.base@15.0.1
j  java.util.stream.IntPipeline.forEachWithCancel(Ljava/util/Spliterator;Ljava/util/stream/Sink;)Z+26 java.base@15.0.1
j  java.util.stream.AbstractPipeline.copyIntoWithCancel(Ljava/util/stream/Sink;Ljava/util/Spliterator;)Z+32 java.base@15.0.1
j  java.util.stream.AbstractPipeline.copyInto(Ljava/util/stream/Sink;Ljava/util/Spliterator;)V+49 java.base@15.0.1
j  java.util.stream.AbstractPipeline.wrapAndCopyInto(Ljava/util/stream/Sink;Ljava/util/Spliterator;)Ljava/util/stream/Sink;+13 java.base@15.0.1
j  java.util.stream.FindOps$FindOp.evaluateSequential(Ljava/util/stream/PipelineHelper;Ljava/util/Spliterator;)Ljava/lang/Object;+14 java.base@15.0.1
j  java.util.stream.AbstractPipeline.evaluate(Ljava/util/stream/TerminalOp;)Ljava/lang/Object;+88 java.base@15.0.1
j  java.util.stream.IntPipeline.findFirst()Ljava/util/OptionalInt;+5 java.base@15.0.1
j  java.text.DecimalFormatSymbols.findNonFormatChar(Ljava/lang/String;C)C+14 java.base@15.0.1
j  java.text.DecimalFormatSymbols.initialize(Ljava/util/Locale;)V+205 java.base@15.0.1
j  java.text.DecimalFormatSymbols.<init>(Ljava/util/Locale;)V+11 java.base@15.0.1
j  sun.util.locale.provider.DecimalFormatSymbolsProviderImpl.getInstance(Ljava/util/Locale;)Ljava/text/DecimalFormatSymbols;+17 java.base@15.0.1
j  java.text.DecimalFormatSymbols.getInstance(Ljava/util/Locale;)Ljava/text/DecimalFormatSymbols;+14 java.base@15.0.1
j  sun.util.locale.provider.NumberFormatProviderImpl.getInstance(Ljava/util/Locale;I)Ljava/text/NumberFormat;+51 java.base@15.0.1
j  sun.util.locale.provider.NumberFormatProviderImpl.getIntegerInstance(Ljava/util/Locale;)Ljava/text/NumberFormat;+3 java.base@15.0.1
j  java.text.NumberFormat.getInstance(Lsun/util/locale/provider/LocaleProviderAdapter;Ljava/util/Locale;Ljava/text/NumberFormat$Style;I)Ljava/text/NumberFormat;+84 java.base@15.0.1
j  java.text.NumberFormat.getInstance(Ljava/util/Locale;Ljava/text/NumberFormat$Style;I)Ljava/text/NumberFormat;+11 java.base@15.0.1
j  java.text.NumberFormat.getIntegerInstance(Ljava/util/Locale;)Ljava/text/NumberFormat;+3 java.base@15.0.1
j  java.text.SimpleDateFormat.initialize(Ljava/util/Locale;)V+37 java.base@15.0.1
j  java.text.SimpleDateFormat.<init>(Ljava/lang/String;Ljava/util/Locale;)V+66 java.base@15.0.1
j  java.text.SimpleDateFormat.<init>()V+9 java.base@15.0.1
j  org.testng.reporters.JUnitXMLReporter.timeAsGmt()Ljava/lang/String;+4
j  org.testng.reporters.JUnitXMLReporter.generateReport(Lorg/testng/ITestContext;)V+196
j  org.testng.reporters.JUnitXMLReporter.onFinish(Lorg/testng/ITestContext;)V+2
j  org.testng.TestRunner.fireEvent(Z)V+45
j  org.testng.TestRunner.afterRun()V+62
j  org.testng.TestRunner.run()V+29
j  org.testng.SuiteRunner.runTest(Lorg/testng/TestRunner;)V+1
j  org.testng.SuiteRunner.runSequentially()V+31
j  org.testng.SuiteRunner.privateRun()V+288
j  org.testng.SuiteRunner.run()V+6
j  org.testng.SuiteRunnerWorker.runSuite(Lorg/testng/internal/SuiteRunnerMap;Lorg/testng/xml/XmlSuite;)V+87
j  org.testng.SuiteRunnerWorker.run()V+12
j  org.testng.TestNG.runSuitesSequentially(Lorg/testng/xml/XmlSuite;Lorg/testng/internal/SuiteRunnerMap;ILjava/lang/String;)V+66
j  org.testng.TestNG.runSuitesLocally()Ljava/util/List;+156
j  org.testng.TestNG.runSuites()Ljava/util/List;+1
j  org.testng.TestNG.run()V+25
j  org.testng.remote.AbstractRemoteTestNG.run()V+149
j  org.testng.remote.RemoteTestNG.initAndRun(Lorg/testng/remote/IRemoteTestNG;[Ljava/lang/String;Lorg/testng/CommandLineArgs;Lorg/testng/remote/RemoteArgs;)V+184
j  org.testng.remote.RemoteTestNG.main([Ljava/lang/String;)V+201
v  ~StubRoutines::call_stub

siginfo: EXCEPTION_UNCAUGHT_CXX_EXCEPTION (0xe06d7363), ExceptionInformation=0x0000000019930520 0x000000c53acfd1d0 0x00007ff887075120 0x00007ff887070000 


Register to memory mapping:

RIP=0x00007ff8921c4f99 KERNELBASE.dll
RAX=0x00007ff800000000 is an unknown value
RBX=0x00007ff887075120 jimage.dll
RCX=0x0000001700000000 is an unknown value
RDX=0x000000c53acfca00 is pointing into the stack for thread: 0x000001d8a7334e80
RSP=0x000000c53acfd070 is pointing into the stack for thread: 0x000001d8a7334e80
RBP=0x000000c53acfd300 is pointing into the stack for thread: 0x000001d8a7334e80
RSI=0x000000c53acfd1d0 is pointing into the stack for thread: 0x000001d8a7334e80
RDI=0x0000000019930520 is an unknown value
R8 =0x000001d8c042a090 points into unknown readable memory: 0x000001d8a7334e80 | 80 4e 33 a7 d8 01 00 00
R9 =0x0 is NULL
R10=0x000001d8c042b548 points into unknown readable memory: 0x000000c53acfdda0 | a0 dd cf 3a c5 00 00 00
R11=0x0 is NULL
R12=0x000000000000b9f5 is an unknown value
R13=0x000001d8a73353a0 points into unknown readable memory: 0x7361622e6176616a | 6a 61 76 61 2e 62 61 73
R14=0x000001d8bfb0f020 points into unknown readable memory: 0xffffffffffffffff | ff ff ff ff ff ff ff ff
R15=0x000001d8bfb0f020 points into unknown readable memory: 0xffffffffffffffff | ff ff ff ff ff ff ff ff


Registers:
RAX=0x00007ff800000000, RBX=0x00007ff887075120, RCX=0x0000001700000000, RDX=0x000000c53acfca00
RSP=0x000000c53acfd070, RBP=0x000000c53acfd300, RSI=0x000000c53acfd1d0, RDI=0x0000000019930520
R8 =0x000001d8c042a090, R9 =0x0000000000000000, R10=0x000001d8c042b548, R11=0x0000000000000000
R12=0x000000000000b9f5, R13=0x000001d8a73353a0, R14=0x000001d8bfb0f020, R15=0x000001d8bfb0f020
RIP=0x00007ff8921c4f99, EFLAGS=0x0000000000000202

Top of Stack: (sp=0x000000c53acfd070)
0x000000c53acfd070:   000001d8a51102ac 00007ff887075120
0x000000c53acfd080:   000000c53acfd1d0 0000000000000000
0x000000c53acfd090:   00000001e06d7363 0000000000000000
0x000000c53acfd0a0:   00007ff8921c4f99 000001d800000004
0x000000c53acfd0b0:   0000000019930520 000000c53acfd1d0
0x000000c53acfd0c0:   00007ff887075120 00007ff887070000
0x000000c53acfd0d0:   000001d8a73353a0 000000000000b9f5
0x000000c53acfd0e0:   000000c53acfd1d0 000000c53acfd300
0x000000c53acfd0f0:   000000c53acfd170 00007ff894944a5f
0x000000c53acfd100:   0000000019930520 0000000000000000
0x000000c53acfd110:   00000002c13885d0 00007ff8949607b0
0x000000c53acfd120:   00007ff887077000 00007ff887070000
0x000000c53acfd130:   00001fb92dbcf772 00007ff8921d98bb
0x000000c53acfd140:   00007ff887075120 00007ff88c3a61e0
0x000000c53acfd150:   00004e5c8ed1f79c 00007ff89252fde6
0x000000c53acfd160:   0000000000000008 00007ff8925239ce 

Instructions: (pc=0x00007ff8921c4f99)
0x00007ff8921c4e99:   d8 21 00 00 41 0f 44 c0 89 43 24 8b 41 18 89 43
0x00007ff8921c4ea9:   28 65 48 8b 04 25 60 00 00 00 48 8b 48 20 39 79
0x00007ff8921c4eb9:   08 7c 36 41 b9 40 00 00 00 48 89 7c 24 20 4c 8d
0x00007ff8921c4ec9:   44 24 30 48 83 c9 ff 41 8d 51 e5 48 ff 15 2d ad
0x00007ff8921c4ed9:   18 00 0f 1f 44 00 00 85 c0 0f 88 df f1 06 00 81
0x00007ff8921c4ee9:   7c 24 54 33 00 03 00 72 0f 48 8b 9c 24 80 00 00
0x00007ff8921c4ef9:   00 48 83 c4 70 5f c3 cc 89 7b 2c eb ec cc cc cc
0x00007ff8921c4f09:   cc cc cc cc cc cc cc 65 48 8b 04 25 30 00 00 00
0x00007ff8921c4f19:   8b 40 68 c3 cc cc cc cc cc cc cc cc cc cc cc cc
0x00007ff8921c4f29:   cc cc cc cc cc cc cc 48 81 ec d8 00 00 00 48 8b
0x00007ff8921c4f39:   05 32 6f 25 00 48 33 c4 48 89 84 24 c0 00 00 00
0x00007ff8921c4f49:   48 83 64 24 28 00 48 8d 05 da ff ff ff 83 e2 01
0x00007ff8921c4f59:   89 4c 24 20 89 54 24 24 48 89 44 24 30 4d 85 c9
0x00007ff8921c4f69:   74 4c b8 0f 00 00 00 48 8d 4c 24 40 44 3b c0 49
0x00007ff8921c4f79:   8b d1 44 0f 47 c0 44 89 44 24 38 49 c1 e0 03 e8
0x00007ff8921c4f89:   7a d7 05 00 48 8d 4c 24 20 48 ff 15 4f ad 18 00
0x00007ff8921c4f99:   0f 1f 44 00 00 48 8b 8c 24 c0 00 00 00 48 33 cc
0x00007ff8921c4fa9:   e8 82 97 05 00 48 81 c4 d8 00 00 00 c3 cc 83 64
0x00007ff8921c4fb9:   24 38 00 eb cf cc cc cc cc cc cc cc cc cc cc cc
0x00007ff8921c4fc9:   cc cc cc cc cc cc cc 40 53 48 83 ec 30 48 8b d1
0x00007ff8921c4fd9:   48 8d 4c 24 20 e8 e5 cc ff ff 85 c0 74 26 48 8b
0x00007ff8921c4fe9:   4c 24 28 e8 8f 6f ff ff 48 8d 4c 24 20 8b d8 48
0x00007ff8921c4ff9:   ff 15 41 a5 18 00 0f 1f 44 00 00 8b c3 48 83 c4
0x00007ff8921c5009:   30 5b c3 cc 83 c8 ff eb f4 cc cc cc cc cc cc cc
0x00007ff8921c5019:   cc cc cc cc cc cc cc 48 8b c4 48 89 58 10 48 89
0x00007ff8921c5029:   70 18 57 48 83 ec 60 0f 57 c0 0f 11 40 b8 48 8d
0x00007ff8921c5039:   35 62 05 19 00 33 db 48 85 c9 48 0f 45 f1 48 8b
0x00007ff8921c5049:   d6 48 8d 48 c8 48 ff 15 73 ab 18 00 0f 1f 44 00
0x00007ff8921c5059:   00 8b f8 89 44 24 70 85 c0 78 1f 41 b0 01 48 8d
0x00007ff8921c5069:   54 24 30 48 8d 4c 24 20 48 ff 15 f0 a4 18 00 0f
0x00007ff8921c5079:   1f 44 00 00 8b f8 89 44 24 70 85 ff 0f 88 49 f0
0x00007ff8921c5089:   06 00 48 83 c8 ff 48 8b c8 48 ff c1 66 39 1c 4e 


Stack slot to memory mapping:
stack at sp + 0 slots: 0x000001d8a51102ac points into unknown readable memory: 03 00 02 00
stack at sp + 1 slots: 0x00007ff887075120 jimage.dll
stack at sp + 2 slots: 0x000000c53acfd1d0 is pointing into the stack for thread: 0x000001d8a7334e80
stack at sp + 3 slots: 0x0 is NULL
stack at sp + 4 slots: 0x00000001e06d7363 is an unknown value
stack at sp + 5 slots: 0x0 is NULL
stack at sp + 6 slots: 0x00007ff8921c4f99 KERNELBASE.dll
stack at sp + 7 slots: 0x000001d800000004 is an unknown value


---------------  P R O C E S S  ---------------

Threads class SMR info:
_java_thread_list=0x000001d8c05a0ca0, length=19, elements={
0x000001d8a7334e80, 0x000001d8be70c010, 0x000001d8be70f270, 0x000001d8be72f330,
0x000001d8be72fbf0, 0x000001d8be7306a0, 0x000001d8be731c20, 0x000001d8be73cbd0,
0x000001d8be74e280, 0x000001d8bf1bed80, 0x000001d8bf1c3d10, 0x000001d8bf6d3310,
0x000001d8bfbf1720, 0x000001d8c0515b10, 0x000001d8c041ec60, 0x000001d8c045bf00,
0x000001d8c05276b0, 0x000001d8bfb9bbf0, 0x000001d8bf74c630
}

Java Threads: ( => current thread )
=>0x000001d8a7334e80 JavaThread "main" [_thread_in_vm, id=7564, stack(0x000000c53ac00000,0x000000c53ad00000)]
  0x000001d8be70c010 JavaThread "Reference Handler" daemon [_thread_blocked, id=9096, stack(0x000000c53b300000,0x000000c53b400000)]
  0x000001d8be70f270 JavaThread "Finalizer" daemon [_thread_blocked, id=6356, stack(0x000000c53b400000,0x000000c53b500000)]
  0x000001d8be72f330 JavaThread "Signal Dispatcher" daemon [_thread_blocked, id=6996, stack(0x000000c53b500000,0x000000c53b600000)]
  0x000001d8be72fbf0 JavaThread "Attach Listener" daemon [_thread_blocked, id=12280, stack(0x000000c53b600000,0x000000c53b700000)]
  0x000001d8be7306a0 JavaThread "Service Thread" daemon [_thread_blocked, id=12624, stack(0x000000c53b700000,0x000000c53b800000)]
  0x000001d8be731c20 JavaThread "C2 CompilerThread0" daemon [_thread_blocked, id=12472, stack(0x000000c53b800000,0x000000c53b900000)]
  0x000001d8be73cbd0 JavaThread "C1 CompilerThread0" daemon [_thread_blocked, id=13200, stack(0x000000c53b900000,0x000000c53ba00000)]
  0x000001d8be74e280 JavaThread "Sweeper thread" daemon [_thread_blocked, id=7204, stack(0x000000c53ba00000,0x000000c53bb00000)]
  0x000001d8bf1bed80 JavaThread "Notification Thread" daemon [_thread_blocked, id=208, stack(0x000000c53bb00000,0x000000c53bc00000)]
  0x000001d8bf1c3d10 JavaThread "Common-Cleaner" daemon [_thread_blocked, id=3348, stack(0x000000c53bd00000,0x000000c53be00000)]
  0x000001d8bf6d3310 JavaThread "ReaderThread" [_thread_in_native, id=9252, stack(0x000000c53bf00000,0x000000c53c000000)]
  0x000001d8bfbf1720 JavaThread "Exec Default Executor" daemon [_thread_in_native, id=5412, stack(0x000000c53c400000,0x000000c53c500000)]
  0x000001d8c0515b10 JavaThread "UrlChecker-2" daemon [_thread_blocked, id=5032, stack(0x000000c53c500000,0x000000c53c600000)]
  0x000001d8c041ec60 JavaThread "Exec Stream Pumper" daemon [_thread_in_native, id=8076, stack(0x000000c53c600000,0x000000c53c700000)]
  0x000001d8c045bf00 JavaThread "Exec Stream Pumper" daemon [_thread_in_native, id=1672, stack(0x000000c53c700000,0x000000c53c800000)]
  0x000001d8c05276b0 JavaThread "OkHttp ConnectionPool" daemon [_thread_blocked, id=7408, stack(0x000000c53c800000,0x000000c53c900000)]
  0x000001d8bfb9bbf0 JavaThread "Okio Watchdog" daemon [_thread_blocked, id=11048, stack(0x000000c53c900000,0x000000c53ca00000)]
  0x000001d8bf74c630 JavaThread "C2 CompilerThread1" daemon [_thread_blocked, id=9696, stack(0x000000c53c000000,0x000000c53c100000)]

Other Threads:
  0x000001d8be6d4140 VMThread "VM Thread" [stack: 0x000000c53b200000,0x000000c53b300000] [id=11680]
  0x000001d8bf1bf250 WatcherThread [stack: 0x000000c53bc00000,0x000000c53bd00000] [id=1876]
  0x000001d8a7365c40 GCTaskThread "GC Thread#0" [stack: 0x000000c53ad00000,0x000000c53ae00000] [id=10064]
  0x000001d8bf4bdae0 GCTaskThread "GC Thread#1" [stack: 0x000000c53c100000,0x000000c53c200000] [id=9028]
  0x000001d8bf4ba4b0 GCTaskThread "GC Thread#2" [stack: 0x000000c53c200000,0x000000c53c300000] [id=9764]
  0x000001d8bf4bd480 GCTaskThread "GC Thread#3" [stack: 0x000000c53c300000,0x000000c53c400000] [id=9864]
  0x000001d8a7370240 ConcurrentGCThread "G1 Main Marker" [stack: 0x000000c53ae00000,0x000000c53af00000] [id=12468]
  0x000001d8a7372cf0 ConcurrentGCThread "G1 Conc#0" [stack: 0x000000c53af00000,0x000000c53b000000] [id=8740]
  0x000001d8a73b1690 ConcurrentGCThread "G1 Refine#0" [stack: 0x000000c53b000000,0x000000c53b100000] [id=6120]
  0x000001d8a73b1fd0 ConcurrentGCThread "G1 Young RemSet Sampling" [stack: 0x000000c53b100000,0x000000c53b200000] [id=1940]

Threads with active compile tasks:

VM state: not at safepoint (normal execution)

VM Mutex/Monitor currently owned by a thread: None

Heap address: 0x00000000c2000000, size: 992 MB, Compressed Oops mode: 32-bit
CDS disabled.
Compressed class space mapped at: 0x0000000100000000-0x0000000140000000, size: 1073741824
Narrow klass base: 0x0000000000000000, Narrow klass shift: 3, Narrow klass range: 0x140000000

GC Precious Log:
 CPUs: 4 total, 4 available
 Memory: 3961M
 Large Page Support: Disabled
 NUMA Support: Disabled
 Compressed Oops: Enabled (32-bit)
 Heap Region Size: 1M
 Heap Min Capacity: 8M
 Heap Initial Capacity: 62M
 Heap Max Capacity: 992M
 Pre-touch: Disabled
 Parallel Workers: 4
 Concurrent Workers: 1
 Concurrent Refinement Workers: 4
 Periodic GC: Disabled

Heap:
 garbage-first heap   total 37888K, used 15293K [0x00000000c2000000, 0x0000000100000000)
  region size 1024K, 9 young (9216K), 2 survivors (2048K)
 Metaspace       used 23282K, capacity 23537K, committed 23804K, reserved 1071104K
  class space    used 2457K, capacity 2548K, committed 2560K, reserved 1048576K

Heap Regions: E=young(eden), S=young(survivor), O=old, HS=humongous(starts), HC=humongous(continues), CS=collection set, F=free, OA=open archive, CA=closed archive, TAMS=top-at-mark-start (previous, next)
|   0|0x00000000c2000000, 0x00000000c2100000, 0x00000000c2100000|100%|HS|  |TAMS 0x00000000c2100000, 0x00000000c2000000| Complete 
|   1|0x00000000c2100000, 0x00000000c2200000, 0x00000000c2200000|100%|HC|  |TAMS 0x00000000c2200000, 0x00000000c2100000| Complete 
|   2|0x00000000c2200000, 0x00000000c2300000, 0x00000000c2300000|100%| O|  |TAMS 0x00000000c2300000, 0x00000000c2200000| Untracked 
|   3|0x00000000c2300000, 0x00000000c2400000, 0x00000000c2400000|100%| O|  |TAMS 0x00000000c2400000, 0x00000000c2300000| Untracked 
|   4|0x00000000c2400000, 0x00000000c2500000, 0x00000000c2500000|100%| O|  |TAMS 0x00000000c2500000, 0x00000000c2400000| Untracked 
|   5|0x00000000c2500000, 0x00000000c2600000, 0x00000000c2600000|100%| O|  |TAMS 0x00000000c2600000, 0x00000000c2500000| Untracked 
|   6|0x00000000c2600000, 0x00000000c2700000, 0x00000000c2700000|100%| O|  |TAMS 0x00000000c2600000, 0x00000000c2600000| Untracked 
|   7|0x00000000c2700000, 0x00000000c27aa000, 0x00000000c2800000| 66%| O|  |TAMS 0x00000000c2700000, 0x00000000c2700000| Untracked 
|   8|0x00000000c2800000, 0x00000000c2800000, 0x00000000c2900000|  0%| F|  |TAMS 0x00000000c2800000, 0x00000000c2800000| Untracked 
|   9|0x00000000c2900000, 0x00000000c2900000, 0x00000000c2a00000|  0%| F|  |TAMS 0x00000000c2900000, 0x00000000c2900000| Untracked 
|  10|0x00000000c2a00000, 0x00000000c2a00000, 0x00000000c2b00000|  0%| F|  |TAMS 0x00000000c2a00000, 0x00000000c2a00000| Untracked 
|  11|0x00000000c2b00000, 0x00000000c2b00000, 0x00000000c2c00000|  0%| F|  |TAMS 0x00000000c2b00000, 0x00000000c2b00000| Untracked 
|  12|0x00000000c2c00000, 0x00000000c2c00000, 0x00000000c2d00000|  0%| F|  |TAMS 0x00000000c2c00000, 0x00000000c2c00000| Untracked 
|  13|0x00000000c2d00000, 0x00000000c2d00000, 0x00000000c2e00000|  0%| F|  |TAMS 0x00000000c2d00000, 0x00000000c2d00000| Untracked 
|  14|0x00000000c2e00000, 0x00000000c2e00000, 0x00000000c2f00000|  0%| F|  |TAMS 0x00000000c2e00000, 0x00000000c2e00000| Untracked 
|  15|0x00000000c2f00000, 0x00000000c2f00000, 0x00000000c3000000|  0%| F|  |TAMS 0x00000000c2f00000, 0x00000000c2f00000| Untracked 
|  16|0x00000000c3000000, 0x00000000c3000000, 0x00000000c3100000|  0%| F|  |TAMS 0x00000000c3000000, 0x00000000c3000000| Untracked 
|  17|0x00000000c3100000, 0x00000000c3100000, 0x00000000c3200000|  0%| F|  |TAMS 0x00000000c3100000, 0x00000000c3100000| Untracked 
|  18|0x00000000c3200000, 0x00000000c3200000, 0x00000000c3300000|  0%| F|  |TAMS 0x00000000c3200000, 0x00000000c3200000| Untracked 
|  19|0x00000000c3300000, 0x00000000c3300000, 0x00000000c3400000|  0%| F|  |TAMS 0x00000000c3300000, 0x00000000c3300000| Untracked 
|  20|0x00000000c3400000, 0x00000000c3400000, 0x00000000c3500000|  0%| F|  |TAMS 0x00000000c3400000, 0x00000000c3400000| Untracked 
|  21|0x00000000c3500000, 0x00000000c3500000, 0x00000000c3600000|  0%| F|  |TAMS 0x00000000c3500000, 0x00000000c3500000| Untracked 
|  22|0x00000000c3600000, 0x00000000c3600000, 0x00000000c3700000|  0%| F|  |TAMS 0x00000000c3600000, 0x00000000c3600000| Untracked 
|  23|0x00000000c3700000, 0x00000000c3700000, 0x00000000c3800000|  0%| F|  |TAMS 0x00000000c3700000, 0x00000000c3700000| Untracked 
|  24|0x00000000c3800000, 0x00000000c3800000, 0x00000000c3900000|  0%| F|  |TAMS 0x00000000c3800000, 0x00000000c3800000| Untracked 
|  25|0x00000000c3900000, 0x00000000c3900000, 0x00000000c3a00000|  0%| F|  |TAMS 0x00000000c3900000, 0x00000000c3900000| Untracked 
|  26|0x00000000c3a00000, 0x00000000c3a00000, 0x00000000c3b00000|  0%| F|  |TAMS 0x00000000c3a00000, 0x00000000c3a00000| Untracked 
|  27|0x00000000c3b00000, 0x00000000c3b00000, 0x00000000c3c00000|  0%| F|  |TAMS 0x00000000c3b00000, 0x00000000c3b00000| Untracked 
|  28|0x00000000c3c00000, 0x00000000c3c71ef8, 0x00000000c3d00000| 44%| E|  |TAMS 0x00000000c3c00000, 0x00000000c3c00000| Complete 
|  29|0x00000000c3d00000, 0x00000000c3e00000, 0x00000000c3e00000|100%| E|CS|TAMS 0x00000000c3d00000, 0x00000000c3d00000| Complete 
|  30|0x00000000c3e00000, 0x00000000c3f00000, 0x00000000c3f00000|100%| E|CS|TAMS 0x00000000c3e00000, 0x00000000c3e00000| Complete 
|  31|0x00000000c3f00000, 0x00000000c4000000, 0x00000000c4000000|100%| E|CS|TAMS 0x00000000c3f00000, 0x00000000c3f00000| Complete 
|  32|0x00000000c4000000, 0x00000000c4100000, 0x00000000c4100000|100%| E|CS|TAMS 0x00000000c4000000, 0x00000000c4000000| Complete 
|  33|0x00000000c4100000, 0x00000000c4200000, 0x00000000c4200000|100%| E|CS|TAMS 0x00000000c4100000, 0x00000000c4100000| Complete 
|  43|0x00000000c4b00000, 0x00000000c4b457a0, 0x00000000c4c00000| 27%| S|CS|TAMS 0x00000000c4b00000, 0x00000000c4b00000| Complete 
|  44|0x00000000c4c00000, 0x00000000c4d00000, 0x00000000c4d00000|100%| S|CS|TAMS 0x00000000c4c00000, 0x00000000c4c00000| Complete 
|  61|0x00000000c5d00000, 0x00000000c5e00000, 0x00000000c5e00000|100%| E|CS|TAMS 0x00000000c5d00000, 0x00000000c5d00000| Complete 

Card table byte_map: [0x000001d8b9f40000,0x000001d8ba130000] _byte_map_base: 0x000001d8b9930000

Marking Bits (Prev, Next): (CMBitMap*) 0x000001d8a73664f0, (CMBitMap*) 0x000001d8a73664b0
 Prev Bits: [0x000001d8bb2a0000, 0x000001d8bc220000)
 Next Bits: [0x000001d8ba320000, 0x000001d8bb2a0000)

Polling page: 0x000001d8a5350000

Metaspace:

Usage:
  Non-class:     20.50 MB capacity,    20.34 MB (>99%) used,   138.65 KB ( <1%) free+waste,    24.81 KB ( <1%) overhead. 
      Class:      2.49 MB capacity,     2.40 MB ( 96%) used,    82.23 KB (  3%) free+waste,     8.62 KB ( <1%) overhead. 
       Both:     22.99 MB capacity,    22.74 MB ( 99%) used,   220.88 KB ( <1%) free+waste,    33.44 KB ( <1%) overhead. 

Virtual space:
  Non-class space:       22.00 MB reserved,      20.75 MB ( 94%) committed 
      Class space:        1.00 GB reserved,       2.50 MB ( <1%) committed 
             Both:        1.02 GB reserved,      23.25 MB (  2%) committed 

Chunk freelists:
   Non-Class:  63.00 KB
       Class:  12.00 KB
        Both:  75.00 KB

MaxMetaspaceSize: 17179869184.00 GB
CompressedClassSpaceSize: 1.00 GB

CodeHeap 'non-profiled nmethods': size=120000Kb used=625Kb max_used=625Kb free=119374Kb
 bounds [0x000001d8b2820000, 0x000001d8b2a90000, 0x000001d8b9d50000]
CodeHeap 'profiled nmethods': size=120000Kb used=3192Kb max_used=3192Kb free=116807Kb
 bounds [0x000001d8ab2f0000, 0x000001d8ab610000, 0x000001d8b2820000]
CodeHeap 'non-nmethods': size=5760Kb used=1217Kb max_used=1240Kb free=4542Kb
 bounds [0x000001d8aad50000, 0x000001d8aafc0000, 0x000001d8ab2f0000]
 total_blobs=2290 nmethods=1802 adapters=401
 compilation: enabled
              stopped_count=0, restarted_count=0
 full_count=0

Compilation events (20 events):
Event: 17.404 Thread 0x000001d8be73cbd0 1782       3       java.util.Locale$Cache::createObject (41 bytes)
Event: 17.404 Thread 0x000001d8be73cbd0 nmethod 1782 0x000001d8ab609710 code [0x000001d8ab609900, 0x000001d8ab60a0f8]
Event: 17.404 Thread 0x000001d8be73cbd0 1789       3       sun.util.locale.LanguageTag::parse (205 bytes)
Event: 17.406 Thread 0x000001d8be73cbd0 nmethod 1789 0x000001d8ab60a310 code [0x000001d8ab60a680, 0x000001d8ab60b928]
Event: 17.406 Thread 0x000001d8be73cbd0 1790       3       sun.util.locale.ParseStatus::<init> (9 bytes)
Event: 17.406 Thread 0x000001d8be73cbd0 nmethod 1790 0x000001d8ab60c010 code [0x000001d8ab60c1c0, 0x000001d8ab60c3b8]
Event: 17.406 Thread 0x000001d8be73cbd0 1791       3       sun.util.locale.ParseStatus::reset (16 bytes)
Event: 17.406 Thread 0x000001d8be73cbd0 nmethod 1791 0x000001d8ab60c490 code [0x000001d8ab60c620, 0x000001d8ab60c758]
Event: 17.406 Thread 0x000001d8be73cbd0 1797       3       sun.util.locale.BaseLocale$Cache::normalizeKey (9 bytes)
Event: 17.407 Thread 0x000001d8be73cbd0 nmethod 1797 0x000001d8ab60c810 code [0x000001d8ab60c9c0, 0x000001d8ab60cc28]
Event: 17.407 Thread 0x000001d8be73cbd0 1799       3       java.util.Locale::hasExtensions (13 bytes)
Event: 17.407 Thread 0x000001d8be73cbd0 nmethod 1799 0x000001d8ab60cd10 code [0x000001d8ab60cea0, 0x000001d8ab60cff8]
Event: 17.407 Thread 0x000001d8be73cbd0 1780       3       sun.util.locale.LocaleObjectCache::normalizeKey (2 bytes)
Event: 17.407 Thread 0x000001d8be73cbd0 nmethod 1780 0x000001d8ab60d090 code [0x000001d8ab60d220, 0x000001d8ab60d318]
Event: 17.410 Thread 0x000001d8be73cbd0 1800       3       jdk.internal.misc.Unsafe::weakCompareAndSetInt (11 bytes)
Event: 17.411 Thread 0x000001d8be73cbd0 nmethod 1800 0x000001d8ab60d390 code [0x000001d8ab60d520, 0x000001d8ab60d638]
Event: 17.412 Thread 0x000001d8be73cbd0 1801       3       java.util.stream.StreamOpFlag::fromCharacteristics (37 bytes)
Event: 17.412 Thread 0x000001d8be73cbd0 nmethod 1801 0x000001d8ab60d710 code [0x000001d8ab60d8c0, 0x000001d8ab60dbb8]
Event: 17.412 Thread 0x000001d8be73cbd0 1802       3       java.util.stream.AbstractPipeline::<init> (55 bytes)
Event: 17.413 Thread 0x000001d8be73cbd0 nmethod 1802 0x000001d8ab60dc90 code [0x000001d8ab60de40, 0x000001d8ab60e118]

GC Heap History (6 events):
Event: 1.281 GC heap before
{Heap before GC invocations=0 (full 0):
 garbage-first heap   total 63488K, used 14336K [0x00000000c2000000, 0x0000000100000000)
  region size 1024K, 13 young (13312K), 0 survivors (0K)
 Metaspace       used 11917K, capacity 12068K, committed 12288K, reserved 1060864K
  class space    used 1113K, capacity 1162K, committed 1280K, reserved 1048576K
}
Event: 1.287 GC heap after
{Heap after GC invocations=1 (full 0):
 garbage-first heap   total 63488K, used 6184K [0x00000000c2000000, 0x0000000100000000)
  region size 1024K, 2 young (2048K), 2 survivors (2048K)
 Metaspace       used 11917K, capacity 12068K, committed 12288K, reserved 1060864K
  class space    used 1113K, capacity 1162K, committed 1280K, reserved 1048576K
}
Event: 1.717 GC heap before
{Heap before GC invocations=1 (full 0):
 garbage-first heap   total 63488K, used 18472K [0x00000000c2000000, 0x0000000100000000)
  region size 1024K, 14 young (14336K), 2 survivors (2048K)
 Metaspace       used 16440K, capacity 16591K, committed 16896K, reserved 1064960K
  class space    used 1627K, capacity 1686K, committed 1792K, reserved 1048576K
}
Event: 1.725 GC heap after
{Heap after GC invocations=2 (full 0):
 garbage-first heap   total 63488K, used 7820K [0x00000000c2000000, 0x0000000100000000)
  region size 1024K, 2 young (2048K), 2 survivors (2048K)
 Metaspace       used 16440K, capacity 16591K, committed 16896K, reserved 1064960K
  class space    used 1627K, capacity 1686K, committed 1792K, reserved 1048576K
}
Event: 2.756 GC heap before
{Heap before GC invocations=2 (full 0):
 garbage-first heap   total 63488K, used 21132K [0x00000000c2000000, 0x0000000100000000)
  region size 1024K, 17 young (17408K), 2 survivors (2048K)
 Metaspace       used 20978K, capacity 21204K, committed 21248K, reserved 1069056K
  class space    used 2211K, capacity 2284K, committed 2304K, reserved 1048576K
}
Event: 2.762 GC heap after
{Heap after GC invocations=3 (full 0):
 garbage-first heap   total 63488K, used 9149K [0x00000000c2000000, 0x0000000100000000)
  region size 1024K, 2 young (2048K), 2 survivors (2048K)
 Metaspace       used 20978K, capacity 21204K, committed 21248K, reserved 1069056K
  class space    used 2211K, capacity 2284K, committed 2304K, reserved 1048576K
}

Deoptimization events (20 events):
Event: 4.015 Thread 0x000001d8a7334e80 Uncommon trap: trap_request=0xffffff45 fr.pc=0x000001d8b2875134 relative=0x0000000000000f94
Event: 4.015 Thread 0x000001d8a7334e80 Uncommon trap: reason=unstable_if action=reinterpret pc=0x000001d8b2875134 method=java.util.concurrent.ConcurrentHashMap.putVal(Ljava/lang/Object;Ljava/lang/Object;Z)Ljava/lang/Object; @ 256 c2
Event: 4.015 Thread 0x000001d8a7334e80 DEOPT PACKING pc=0x000001d8b2875134 sp=0x000000c53acfcd40
Event: 4.015 Thread 0x000001d8a7334e80 DEOPT UNPACKING pc=0x000001d8aad9e42f sp=0x000000c53acfccb8 mode 2
Event: 17.310 Thread 0x000001d8a7334e80 Uncommon trap: trap_request=0xffffff45 fr.pc=0x000001d8b288b348 relative=0x00000000000003a8
Event: 17.310 Thread 0x000001d8a7334e80 Uncommon trap: reason=unstable_if action=reinterpret pc=0x000001d8b288b348 method=java.util.HashMap$HashIterator.<init>(Ljava/util/HashMap;)V @ 45 c2
Event: 17.310 Thread 0x000001d8a7334e80 DEOPT PACKING pc=0x000001d8b288b348 sp=0x000000c53acfe8e0
Event: 17.310 Thread 0x000001d8a7334e80 DEOPT UNPACKING pc=0x000001d8aad9e42f sp=0x000000c53acfe898 mode 2
Event: 17.310 Thread 0x000001d8a7334e80 Uncommon trap: trap_request=0xffffffde fr.pc=0x000001d8b288c4c4 relative=0x0000000000000404
Event: 17.310 Thread 0x000001d8a7334e80 Uncommon trap: reason=class_check action=maybe_recompile pc=0x000001d8b288c4c4 method=java.util.HashSet.iterator()Ljava/util/Iterator; @ 4 c2
Event: 17.310 Thread 0x000001d8a7334e80 DEOPT PACKING pc=0x000001d8b288c4c4 sp=0x000000c53acfe9c0
Event: 17.310 Thread 0x000001d8a7334e80 DEOPT UNPACKING pc=0x000001d8aad9e42f sp=0x000000c53acfe990 mode 2
Event: 17.310 Thread 0x000001d8a7334e80 Uncommon trap: trap_request=0xffffffde fr.pc=0x000001d8b288c4c4 relative=0x0000000000000404
Event: 17.310 Thread 0x000001d8a7334e80 Uncommon trap: reason=class_check action=maybe_recompile pc=0x000001d8b288c4c4 method=java.util.HashSet.iterator()Ljava/util/Iterator; @ 4 c2
Event: 17.310 Thread 0x000001d8a7334e80 DEOPT PACKING pc=0x000001d8b288c4c4 sp=0x000000c53acfe9c0
Event: 17.310 Thread 0x000001d8a7334e80 DEOPT UNPACKING pc=0x000001d8aad9e42f sp=0x000000c53acfe990 mode 2
Event: 17.412 Thread 0x000001d8a7334e80 Uncommon trap: trap_request=0xffffff45 fr.pc=0x000001d8b28675c4 relative=0x0000000000000044
Event: 17.412 Thread 0x000001d8a7334e80 Uncommon trap: reason=unstable_if action=reinterpret pc=0x000001d8b28675c4 method=java.lang.CharacterData.of(I)Ljava/lang/CharacterData; @ 4 c2
Event: 17.412 Thread 0x000001d8a7334e80 DEOPT PACKING pc=0x000001d8b28675c4 sp=0x000000c53acfddd0
Event: 17.412 Thread 0x000001d8a7334e80 DEOPT UNPACKING pc=0x000001d8aad9e42f sp=0x000000c53acfdd70 mode 2

Classes unloaded (0 events):
No events

Classes redefined (0 events):
No events

Internal exceptions (20 events):
Event: 1.751 Thread 0x000001d8a7334e80 Exception <a 'java/lang/IncompatibleClassChangeError'{0x00000000c5d95fb8}: Found class java.lang.Object, but interface was expected> (0x00000000c5d95fb8) 
thrown [./open/src/hotspot/share/interpreter/linkResolver.cpp, line 848]
Event: 1.753 Thread 0x000001d8a7334e80 Exception <a 'java/lang/NoSuchMethodError'{0x00000000c5d9c0f8}: 'int java.lang.invoke.DirectMethodHandle$Holder.invokeStaticInit(java.lang.Object, java.lang.Object)'> (0x00000000c5d9c0f8) 
thrown [./open/src/hotspot/share/interpreter/linkResolver.cpp, line 782]
Event: 1.924 Thread 0x000001d8bfbf1720 Exception <a 'java/lang/NoSuchMethodError'{0x00000000c587d408}: 'void java.lang.invoke.DirectMethodHandle$Holder.invokeStatic(java.lang.Object, long)'> (0x00000000c587d408) 
thrown [./open/src/hotspot/share/interpreter/linkResolver.cpp, line 782]
Event: 1.925 Thread 0x000001d8bfbf1720 Exception <a 'java/lang/NoSuchMethodError'{0x00000000c5882b30}: 'java.lang.Object java.lang.invoke.DirectMethodHandle$Holder.newInvokeSpecial(java.lang.Object, long)'> (0x00000000c5882b30) 
thrown [./open/src/hotspot/share/interpreter/linkResolver.cpp, line 782]
Event: 1.928 Thread 0x000001d8bfbf1720 Exception <a 'java/lang/NoSuchMethodError'{0x00000000c588d310}: 'java.lang.Object java.lang.invoke.DirectMethodHandle$Holder.invokeStaticInit(java.lang.Object, java.lang.Object, long, java.lang.Object)'> (0x00000000c588d310) 
thrown [./open/src/hotspot/share/interpreter/linkResolver.cpp, line 782]
Event: 1.930 Thread 0x000001d8bfbf1720 Exception <a 'java/lang/NoSuchMethodError'{0x00000000c5893780}: 'java.lang.Object java.lang.invoke.DirectMethodHandle$Holder.newInvokeSpecial(java.lang.Object, java.lang.Object, long)'> (0x00000000c5893780) 
thrown [./open/src/hotspot/share/interpreter/linkResolver.cpp, line 782]
Event: 1.931 Thread 0x000001d8bfbf1720 Exception <a 'java/lang/NoSuchMethodError'{0x00000000c58974f0}: 'java.lang.Object java.lang.invoke.Invokers$Holder.linkToTargetMethod(java.lang.Object, long, java.lang.Object)'> (0x00000000c58974f0) 
thrown [./open/src/hotspot/share/interpreter/linkResolver.cpp, line 782]
Event: 2.561 Thread 0x000001d8a7334e80 Exception <a 'java/lang/NoSuchMethodError'{0x00000000c55310d8}: 'java.lang.Object java.lang.invoke.DirectMethodHandle$Holder.invokeInterface(java.lang.Object, java.lang.Object, java.lang.Object)'> (0x00000000c55310d8) 
thrown [./open/src/hotspot/share/interpreter/linkResolver.cpp, line 782]
Event: 2.562 Thread 0x000001d8a7334e80 Exception <a 'java/lang/IncompatibleClassChangeError'{0x00000000c5534e38}: Found class java.lang.Object, but interface was expected> (0x00000000c5534e38) 
thrown [./open/src/hotspot/share/interpreter/linkResolver.cpp, line 848]
Event: 2.564 Thread 0x000001d8a7334e80 Exception <a 'java/lang/NoSuchMethodError'{0x00000000c553b0b8}: 'int java.lang.invoke.DirectMethodHandle$Holder.invokeSpecial(java.lang.Object, java.lang.Object, java.lang.Object)'> (0x00000000c553b0b8) 
thrown [./open/src/hotspot/share/interpreter/linkResolver.cpp, line 782]
Event: 2.566 Thread 0x000001d8a7334e80 Exception <a 'java/lang/NoSuchMethodError'{0x00000000c5541d00}: 'int java.lang.invoke.DirectMethodHandle$Holder.invokeSpecialIFC(java.lang.Object, java.lang.Object, java.lang.Object, java.lang.Object)'> (0x00000000c5541d00) 
thrown [./open/src/hotspot/share/interpreter/linkResolver.cpp, line 782]
Event: 2.567 Thread 0x000001d8a7334e80 Exception <a 'java/lang/NoSuchMethodError'{0x00000000c554a5c8}: 'java.lang.Object java.lang.invoke.DirectMethodHandle$Holder.invokeInterface(java.lang.Object, java.lang.Object, java.lang.Object, java.lang.Object)'> (0x00000000c554a5c8) 
thrown [./open/src/hotspot/share/interpreter/linkResolver.cpp, line 782]
Event: 2.575 Thread 0x000001d8a7334e80 Exception <a 'java/lang/NoSuchMethodError'{0x00000000c5572f50}: 'java.lang.Object java.lang.invoke.DirectMethodHandle$Holder.invokeVirtual(java.lang.Object, java.lang.Object, java.lang.Object)'> (0x00000000c5572f50) 
thrown [./open/src/hotspot/share/interpreter/linkResolver.cpp, line 782]
Event: 2.586 Thread 0x000001d8a7334e80 Exception <a 'java/lang/NoSuchMethodError'{0x00000000c55e78d0}: 'void java.lang.invoke.DirectMethodHandle$Holder.invokeInterface(java.lang.Object, java.lang.Object, java.lang.Object)'> (0x00000000c55e78d0) 
thrown [./open/src/hotspot/share/interpreter/linkResolver.cpp, line 782]
Event: 2.600 Thread 0x000001d8a7334e80 Exception <a 'java/lang/NoSuchMethodError'{0x00000000c546d240}: 'void java.lang.invoke.DirectMethodHandle$Holder.invokeStatic(java.lang.Object, java.lang.Object, java.lang.Object)'> (0x00000000c546d240) 
thrown [./open/src/hotspot/share/interpreter/linkResolver.cpp, line 782]
Event: 2.623 Thread 0x000001d8a7334e80 Exception <a 'java/lang/NoSuchMethodError'{0x00000000c53208a0}: 'java.lang.Object java.lang.invoke.Invokers$Holder.invokeExact_MT(java.lang.Object, java.lang.Object, java.lang.Object, java.lang.Object, java.lang.Object, java.lang.Object)'> (0x00000000c53208a0) 
thrown [./open/src/hotspot/share/interpreter/linkResolver.cpp, line 782]
Event: 2.737 Thread 0x000001d8a7334e80 Exception <a 'java/lang/NoSuchMethodError'{0x00000000c4d46d58}: 'void java.lang.invoke.DirectMethodHandle$Holder.invokeStatic(java.lang.Object, java.lang.Object, java.lang.Object, java.lang.Object)'> (0x00000000c4d46d58) 
thrown [./open/src/hotspot/share/interpreter/linkResolver.cpp, line 782]
Event: 4.028 Thread 0x000001d8a7334e80 Exception <a 'java/lang/ClassNotFoundException'{0x00000000c41bb9c8}: sun/util/logging/resources/spi/loggingProvider> (0x00000000c41bb9c8) 
thrown [./open/src/hotspot/share/classfile/systemDictionary.cpp, line 295]
Event: 17.283 Thread 0x000001d8a7334e80 Exception <a 'java/lang/ClassNotFoundException'{0x00000000c3ffd968}: sun/misc/SharedSecrets> (0x00000000c3ffd968) 
thrown [./open/src/hotspot/share/classfile/systemDictionary.cpp, line 295]
Event: 17.294 Thread 0x000001d8a7334e80 Exception <a 'java/lang/reflect/InvocationTargetException'{0x00000000c3ffee10}> (0x00000000c3ffee10) 
thrown [./open/src/hotspot/share/runtime/reflection.cpp, line 1157]

Events (20 events):
Event: 17.407 loading class java/util/function/IntPredicate done
Event: 17.408 loading class java/util/stream/IntPipeline$9
Event: 17.408 loading class java/util/stream/IntPipeline$StatelessOp
Event: 17.408 loading class java/util/stream/IntPipeline$StatelessOp done
Event: 17.408 loading class java/util/stream/IntPipeline$9 done
Event: 17.408 loading class java/util/stream/FindOps$FindSink$OfInt
Event: 17.408 loading class java/util/stream/Sink$OfInt
Event: 17.408 loading class java/util/function/IntConsumer
Event: 17.408 loading class java/util/function/IntConsumer done
Event: 17.408 loading class java/util/stream/Sink$OfInt done
Event: 17.408 loading class java/util/stream/FindOps$FindSink$OfInt done
Event: 17.408 loading class java/util/OptionalInt
Event: 17.409 loading class java/util/OptionalInt done
Event: 17.411 loading class java/util/stream/IntPipeline$9$1
Event: 17.411 loading class java/util/stream/Sink$ChainedInt
Event: 17.411 loading class java/util/stream/Sink$ChainedInt done
Event: 17.411 loading class java/util/stream/IntPipeline$9$1 done
Event: 17.412 loading class java/lang/StringUTF16$CharsSpliterator
Event: 17.412 loading class java/lang/StringUTF16$CharsSpliterator done
Event: 17.412 loading class java/lang/CharacterData00


Dynamic libraries:
0x00007ff657c40000 - 0x00007ff657c4d000 	J:\SIMPLILEARN\eclipse\plugins\org.eclipse.justj.openjdk.hotspot.jre.full.win32.x86_64_15.0.1.v20201027-0507\jre\bin\javaw.exe
0x00007ff894910000 - 0x00007ff894b05000 	C:\WINDOWS\SYSTEM32\ntdll.dll
0x00007ff892a10000 - 0x00007ff892ace000 	C:\WINDOWS\System32\KERNEL32.DLL
0x00007ff892190000 - 0x00007ff892459000 	C:\WINDOWS\System32\KERNELBASE.dll
0x00007ff892520000 - 0x00007ff892620000 	C:\WINDOWS\System32\ucrtbase.dll
0x00007ff887090000 - 0x00007ff8870a8000 	J:\SIMPLILEARN\eclipse\plugins\org.eclipse.justj.openjdk.hotspot.jre.full.win32.x86_64_15.0.1.v20201027-0507\jre\bin\jli.dll
0x00007ff894660000 - 0x00007ff894801000 	C:\WINDOWS\System32\USER32.dll
0x00007ff892460000 - 0x00007ff892482000 	C:\WINDOWS\System32\win32u.dll
0x00007ff892ad0000 - 0x00007ff892afb000 	C:\WINDOWS\System32\GDI32.dll
0x00007ff892850000 - 0x00007ff89295b000 	C:\WINDOWS\System32\gdi32full.dll
0x00007ff8926a0000 - 0x00007ff89273d000 	C:\WINDOWS\System32\msvcp_win.dll
0x00007ff88c3a0000 - 0x00007ff88c3b9000 	J:\SIMPLILEARN\eclipse\plugins\org.eclipse.justj.openjdk.hotspot.jre.full.win32.x86_64_15.0.1.v20201027-0507\jre\bin\VCRUNTIME140.dll
0x00007ff8862c0000 - 0x00007ff88655a000 	C:\WINDOWS\WinSxS\amd64_microsoft.windows.common-controls_6595b64144ccf1df_6.0.19041.1110_none_60b5254171f9507e\COMCTL32.dll
0x00007ff894510000 - 0x00007ff8945ae000 	C:\WINDOWS\System32\msvcrt.dll
0x00007ff894630000 - 0x00007ff894660000 	C:\WINDOWS\System32\IMM32.DLL
0x00007ff887080000 - 0x00007ff88708c000 	J:\SIMPLILEARN\eclipse\plugins\org.eclipse.justj.openjdk.hotspot.jre.full.win32.x86_64_15.0.1.v20201027-0507\jre\bin\vcruntime140_1.dll
0x00007ff8666a0000 - 0x00007ff866731000 	J:\SIMPLILEARN\eclipse\plugins\org.eclipse.justj.openjdk.hotspot.jre.full.win32.x86_64_15.0.1.v20201027-0507\jre\bin\msvcp140.dll
0x00007ff85bc40000 - 0x00007ff85c79e000 	J:\SIMPLILEARN\eclipse\plugins\org.eclipse.justj.openjdk.hotspot.jre.full.win32.x86_64_15.0.1.v20201027-0507\jre\bin\server\jvm.dll
0x00007ff892f30000 - 0x00007ff892fdc000 	C:\WINDOWS\System32\ADVAPI32.dll
0x00007ff8935b0000 - 0x00007ff89364b000 	C:\WINDOWS\System32\sechost.dll
0x00007ff892b60000 - 0x00007ff892c8a000 	C:\WINDOWS\System32\RPCRT4.dll
0x00007ff892cb0000 - 0x00007ff892cb8000 	C:\WINDOWS\System32\PSAPI.DLL
0x00007ff87e120000 - 0x00007ff87e129000 	C:\WINDOWS\SYSTEM32\WSOCK32.dll
0x00007ff893d60000 - 0x00007ff893dcb000 	C:\WINDOWS\System32\WS2_32.dll
0x00007ff88d780000 - 0x00007ff88d7a7000 	C:\WINDOWS\SYSTEM32\WINMM.dll
0x00007ff88a750000 - 0x00007ff88a75a000 	C:\WINDOWS\SYSTEM32\VERSION.dll
0x00007ff8908b0000 - 0x00007ff8908c2000 	C:\WINDOWS\SYSTEM32\kernel.appcore.dll
0x00007ff887070000 - 0x00007ff88707a000 	J:\SIMPLILEARN\eclipse\plugins\org.eclipse.justj.openjdk.hotspot.jre.full.win32.x86_64_15.0.1.v20201027-0507\jre\bin\jimage.dll
0x00007ff88f940000 - 0x00007ff88fb24000 	C:\WINDOWS\SYSTEM32\DBGHELP.DLL
0x00007ff87bff0000 - 0x00007ff87c01c000 	C:\WINDOWS\SYSTEM32\dbgcore.DLL
0x00007ff892490000 - 0x00007ff892513000 	C:\WINDOWS\System32\bcryptPrimitives.dll
0x00007ff886d90000 - 0x00007ff886db5000 	J:\SIMPLILEARN\eclipse\plugins\org.eclipse.justj.openjdk.hotspot.jre.full.win32.x86_64_15.0.1.v20201027-0507\jre\bin\java.dll
0x00007ff885960000 - 0x00007ff885978000 	J:\SIMPLILEARN\eclipse\plugins\org.eclipse.justj.openjdk.hotspot.jre.full.win32.x86_64_15.0.1.v20201027-0507\jre\bin\zip.dll
0x00007ff893dd0000 - 0x00007ff89450f000 	C:\WINDOWS\System32\SHELL32.dll
0x00007ff890110000 - 0x00007ff8908a0000 	C:\WINDOWS\SYSTEM32\windows.storage.dll
0x00007ff8931a0000 - 0x00007ff8934f5000 	C:\WINDOWS\System32\combase.dll
0x00007ff8919b0000 - 0x00007ff8919dc000 	C:\WINDOWS\SYSTEM32\Wldp.dll
0x00007ff892960000 - 0x00007ff892a0d000 	C:\WINDOWS\System32\SHCORE.dll
0x00007ff894870000 - 0x00007ff8948c5000 	C:\WINDOWS\System32\shlwapi.dll
0x00007ff891f70000 - 0x00007ff891f8f000 	C:\WINDOWS\SYSTEM32\profapi.dll
0x00007ff885580000 - 0x00007ff885599000 	J:\SIMPLILEARN\eclipse\plugins\org.eclipse.justj.openjdk.hotspot.jre.full.win32.x86_64_15.0.1.v20201027-0507\jre\bin\net.dll
0x00007ff87fa20000 - 0x00007ff87fb28000 	C:\WINDOWS\SYSTEM32\WINHTTP.dll
0x00007ff891710000 - 0x00007ff89177a000 	C:\WINDOWS\system32\mswsock.dll
0x00007ff885560000 - 0x00007ff885572000 	J:\SIMPLILEARN\eclipse\plugins\org.eclipse.justj.openjdk.hotspot.jre.full.win32.x86_64_15.0.1.v20201027-0507\jre\bin\nio.dll
0x00007ff891440000 - 0x00007ff89150c000 	C:\WINDOWS\SYSTEM32\DNSAPI.dll
0x00007ff891400000 - 0x00007ff89143b000 	C:\WINDOWS\SYSTEM32\IPHLPAPI.DLL
0x00007ff893720000 - 0x00007ff893728000 	C:\WINDOWS\System32\NSI.dll
0x00007ff88a710000 - 0x00007ff88a71a000 	C:\Windows\System32\rasadhlp.dll
0x00007ff87f8e0000 - 0x00007ff87f95f000 	C:\WINDOWS\System32\fwpuclnt.dll
0x00007ff892620000 - 0x00007ff892647000 	C:\WINDOWS\System32\bcrypt.dll
0x00007ff88aa30000 - 0x00007ff88aa40000 	J:\SIMPLILEARN\eclipse\plugins\org.eclipse.justj.openjdk.hotspot.jre.full.win32.x86_64_15.0.1.v20201027-0507\jre\bin\verify.dll
0x00007ff891910000 - 0x00007ff891928000 	C:\WINDOWS\SYSTEM32\CRYPTSP.dll
0x00007ff891090000 - 0x00007ff8910c4000 	C:\WINDOWS\system32\rsaenh.dll
0x00007ff891f30000 - 0x00007ff891f5e000 	C:\WINDOWS\SYSTEM32\USERENV.dll
0x00007ff891900000 - 0x00007ff89190c000 	C:\WINDOWS\SYSTEM32\CRYPTBASE.dll
0x00007ff8854c0000 - 0x00007ff8854d7000 	C:\WINDOWS\SYSTEM32\dhcpcsvc6.DLL
0x00007ff885cf0000 - 0x00007ff885d0d000 	C:\WINDOWS\SYSTEM32\dhcpcsvc.DLL
0x00007ff880010000 - 0x00007ff88001d000 	J:\SIMPLILEARN\eclipse\plugins\org.eclipse.justj.openjdk.hotspot.jre.full.win32.x86_64_15.0.1.v20201027-0507\jre\bin\sunmscapi.dll
0x00007ff892030000 - 0x00007ff892186000 	C:\WINDOWS\System32\CRYPT32.dll
0x00007ff891a20000 - 0x00007ff891a47000 	C:\WINDOWS\SYSTEM32\ncrypt.dll
0x00007ff8919e0000 - 0x00007ff891a1b000 	C:\WINDOWS\SYSTEM32\NTASN1.dll
0x00007ff8740b0000 - 0x00007ff8740c7000 	C:\WINDOWS\system32\napinsp.dll
0x00007ff874090000 - 0x00007ff8740ab000 	C:\WINDOWS\system32\pnrpnsp.dll
0x00007ff88cb90000 - 0x00007ff88cba5000 	C:\WINDOWS\system32\wshbth.dll
0x00007ff874070000 - 0x00007ff874082000 	C:\WINDOWS\System32\winrnr.dll

dbghelp: loaded successfully - version: 4.0.5 - missing functions: none
symbol engine: initialized successfully - sym options: 0x614 - pdb path: .;J:\SIMPLILEARN\eclipse\plugins\org.eclipse.justj.openjdk.hotspot.jre.full.win32.x86_64_15.0.1.v20201027-0507\jre\bin;C:\WINDOWS\SYSTEM32;C:\WINDOWS\WinSxS\amd64_microsoft.windows.common-controls_6595b64144ccf1df_6.0.19041.1110_none_60b5254171f9507e;J:\SIMPLILEARN\eclipse\plugins\org.eclipse.justj.openjdk.hotspot.jre.full.win32.x86_64_15.0.1.v20201027-0507\jre\bin\server

VM Arguments:
jvm_args: -ea -Dfile.encoding=Cp1252 -XX:+ShowCodeDetailsInExceptionMessages 
java_command: org.testng.remote.RemoteTestNG -serport 56841 -protocol json -d J:\WORKSPACE\WORKSPACE 1\selenium project\test-output C:\Users\KEDARN~1\AppData\Local\Temp\testng-eclipse-1187086936\testng-customsuite.xml
java_class_path (initial): C:\eclipse\configuration\org.eclipse.osgi\948\0\.cp\lib\testng-remote.jar;J:\WORKSPACE\WORKSPACE 1\selenium project\bin;J:\SIMPLILEARN\SOFTWARES\SELENIUM JAR FILES\SELENIUM SETUP\selenium-server-3.9.0\libs\bundle-jars.jar;J:\SIMPLILEARN\SOFTWARES\SELENIUM JAR FILES\SELENIUM SETUP\selenium-server-3.9.0\libs\byte-buddy-1.7.9.jar;J:\SIMPLILEARN\SOFTWARES\SELENIUM JAR FILES\SELENIUM SETUP\selenium-server-3.9.0\libs\commons-codec-1.10.jar;J:\SIMPLILEARN\SOFTWARES\SELENIUM JAR FILES\SELENIUM SETUP\selenium-server-3.9.0\libs\commons-exec-1.3.jar;J:\SIMPLILEARN\SOFTWARES\SELENIUM JAR FILES\SELENIUM SETUP\selenium-server-3.9.0\libs\commons-io-2.6.jar;J:\SIMPLILEARN\SOFTWARES\SELENIUM JAR FILES\SELENIUM SETUP\selenium-server-3.9.0\libs\commons-lang3-3.7.jar;J:\SIMPLILEARN\SOFTWARES\SELENIUM JAR FILES\SELENIUM SETUP\selenium-server-3.9.0\libs\commons-logging-1.2.jar;J:\SIMPLILEARN\SOFTWARES\SELENIUM JAR FILES\SELENIUM SETUP\selenium-server-3.9.0\libs\commons-net-3.6.jar;J:\SIMPLILEARN\SOFTWARES\SELENIUM JAR FILES\SELENIUM SETUP\selenium-server-3.9.0\libs\commons-text-1.1.jar;J:\SIMPLILEARN\SOFTWARES\SELENIUM JAR FILES\SELENIUM SETUP\selenium-server-3.9.0\libs\cssparser-0.9.24.jar;J:\SIMPLILEARN\SOFTWARES\SELENIUM JAR FILES\SELENIUM SETUP\selenium-server-3.9.0\libs\gson-2.8.2.jar;J:\SIMPLILEARN\SOFTWARES\SELENIUM JAR FILES\SELENIUM SETUP\selenium-server-3.9.0\libs\guava-23.6-jre.jar;J:\SIMPLILEARN\SOFTWARES\SELENIUM JAR FILES\SELENIUM SETUP\selenium-server-3.9.0\libs\htmlunit-2.29.jar;J:\SIMPLILEARN\SOFTWARES\SELENIUM JAR FILES\SELENIUM SETUP\selenium-server-3.9.0\libs\htmlunit-core-js-2.28.jar;J:\SIMPLILEARN\SOFTWARES\SELENIUM JAR FILES\SELENIUM SETUP\selenium-server-3.9.0\libs\htmlunit-driver-2.29.0.jar;J:\SIMPLILEARN\SOFTWARES\SELENIUM JAR FILES\SELENIUM SETUP\selenium-server-3.9.0\libs\httpclient-4.5.3.jar;J:\SIMPLILEARN\SOFTWARES\SELENIUM JAR FILES\SELENIUM SETUP\selenium-server-3.9.0\libs\httpcore-4.4.6.jar;J:\SIMPLILEARN\SOFTWARES\SELENIUM JA
Launcher Type: SUN_STANDARD

[Global flags]
     intx CICompilerCount                          = 3                                         {product} {ergonomic}
     uint ConcGCThreads                            = 1                                         {product} {ergonomic}
     uint G1ConcRefinementThreads                  = 4                                         {product} {ergonomic}
   size_t G1HeapRegionSize                         = 1048576                                   {product} {ergonomic}
    uintx GCDrainStackTargetSize                   = 64                                        {product} {ergonomic}
   size_t InitialHeapSize                          = 65011712                                  {product} {ergonomic}
   size_t MarkStackSize                            = 4194304                                   {product} {ergonomic}
   size_t MaxHeapSize                              = 1040187392                                {product} {ergonomic}
   size_t MaxNewSize                               = 623902720                                 {product} {ergonomic}
   size_t MinHeapDeltaBytes                        = 1048576                                   {product} {ergonomic}
   size_t MinHeapSize                              = 8388608                                   {product} {ergonomic}
    uintx NonNMethodCodeHeapSize                   = 5832780                                {pd product} {ergonomic}
    uintx NonProfiledCodeHeapSize                  = 122912730                              {pd product} {ergonomic}
    uintx ProfiledCodeHeapSize                     = 122912730                              {pd product} {ergonomic}
    uintx ReservedCodeCacheSize                    = 251658240                              {pd product} {ergonomic}
     bool SegmentedCodeCache                       = true                                      {product} {ergonomic}
     bool ShowCodeDetailsInExceptionMessages       = true                                   {manageable} {command line}
   size_t SoftMaxHeapSize                          = 1040187392                             {manageable} {ergonomic}
     bool UseCompressedClassPointers               = true                                 {lp64_product} {ergonomic}
     bool UseCompressedOops                        = true                                 {lp64_product} {ergonomic}
     bool UseG1GC                                  = true                                      {product} {ergonomic}
     bool UseLargePagesIndividualAllocation        = false                                  {pd product} {ergonomic}

Logging:
Log output configuration:
 #0: stdout all=warning uptime,level,tags
 #1: stderr all=off uptime,level,tags

Environment Variables:
JAVA_HOME=C:\jdk-16.0.1
PATH=C:/eclipse//plugins/org.eclipse.justj.openjdk.hotspot.jre.full.win32.x86_64_15.0.1.v20201027-0507/jre/bin/server;C:/eclipse//plugins/org.eclipse.justj.openjdk.hotspot.jre.full.win32.x86_64_15.0.1.v20201027-0507/jre/bin;C:\Program Files (x86)\Common Files\Oracle\Java\javapath;C:\WINDOWS\system32;C:\WINDOWS;C:\WINDOWS\System32\Wbem;C:\WINDOWS\System32\WindowsPowerShell\v1.0\;C:\WINDOWS\System32\OpenSSH\;C:\Program Files\Paragon Software\Partition Manager 17 CE\bluescrn\;C:\Program Files\nodejs\;C:\jdk-16.0.1\bin;C:\Program Files\Git\cmd;C:\Program Files\PuTTY\;C:\Program Files\MySQL\MySQL Shell 8.0\bin\;C:\Users\KEDARNATH\AppData\Local\Microsoft\WindowsApps;C:\Users\KEDARNATH\AppData\Roaming\npm;C:\eclipse;
USERNAME=KEDARNATH
OS=Windows_NT
PROCESSOR_IDENTIFIER=Intel64 Family 6 Model 78 Stepping 3, GenuineIntel



---------------  S Y S T E M  ---------------

OS:
 Windows 10 , 64 bit Build 19041 (10.0.19041.1202)
OS uptime: 1 days 7:07 hours

CPU: total 4 (initial active 4) (2 cores per cpu, 2 threads per core) family 6 model 78 stepping 3 microcode 0xcc, cmov, cx8, fxsr, mmx, sse, sse2, sse3, ssse3, sse4.1, sse4.2, popcnt, vzeroupper, avx, avx2, aes, clmul, erms, 3dnowpref, lzcnt, ht, tsc, tscinvbit, bmi1, bmi2, adx, fma, clflush, clflushopt

Memory: 4k page, system-wide physical 3961M (461M free)
TotalPageFile size 5352M (AvailPageFile size 48M)
current process WorkingSet (physical memory assigned to process): 82M, peak: 94M
current process commit charge ("private bytes"): 131M, peak: 159M

vm_info: OpenJDK 64-Bit Server VM (15.0.1+9-18) for windows-amd64 JRE (15.0.1+9-18), built on Sep 15 2020 14:39:31 by "mach5one" with unknown MS VC++:1925

END.
