#
# There is insufficient memory for the Java Runtime Environment to continue.
# Native memory allocation (mmap) failed to map 65011712 bytes for G1 virtual space
# Possible reasons:
#   The system is out of physical RAM or swap space
#   The process is running with CompressedOops enabled, and the Java Heap may be blocking the growth of the native heap
# Possible solutions:
#   Reduce memory load on the system
#   Increase physical memory or swap space
#   Check if swap backing store is full
#   Decrease Java heap size (-Xmx/-Xms)
#   Decrease number of Java threads
#   Decrease Java thread stack sizes (-Xss)
#   Set larger code cache with -XX:ReservedCodeCacheSize=
#   JVM is running with Unscaled Compressed Oops mode in which the Java heap is
#     placed in the first 4GB address space. The Java Heap base address is the
#     maximum limit for the native heap growth. Please use -XX:HeapBaseMinAddress
#     to set the Java Heap base and to place the Java Heap above 4GB virtual address.
# This output file may be truncated or incomplete.
#
#  Out of Memory Error (./open/src/hotspot/os/windows/os_windows.cpp:3472), pid=6140, tid=7824
#
# JRE version:  (15.0.1+9) (build )
# Java VM: OpenJDK 64-Bit Server VM (15.0.1+9-18, mixed mode, sharing, tiered, compressed oops, g1 gc, windows-amd64)
# No core dump will be written. Minidumps are not enabled by default on client versions of Windows
#

---------------  S U M M A R Y ------------

Command Line: -ea -Dfile.encoding=Cp1252 -XX:+ShowCodeDetailsInExceptionMessages org.testng.remote.RemoteTestNG -serport 53817 -protocol json -d J:\WORKSPACE\WORKSPACE 1\selenium project\test-output C:\Users\KEDARN~1\AppData\Local\Temp\testng-eclipse--2060413776\testng-customsuite.xml

Host: Intel(R) Core(TM) i3-6006U CPU @ 2.00GHz, 4 cores, 3G,  Windows 10 , 64 bit Build 19041 (10.0.19041.1202)
Time: Mon Nov  1 01:04:55 2021 India Standard Time elapsed time: 0.039255 seconds (0d 0h 0m 0s)

---------------  T H R E A D  ---------------

Current thread (0x0000025d580996c0):  JavaThread "Unknown thread" [_thread_in_vm, id=7824, stack(0x000000fc22100000,0x000000fc22200000)]

Stack: [0x000000fc22100000,0x000000fc22200000]
Native frames: (J=compiled Java code, j=interpreted, Vv=VM code, C=native code)
V  [jvm.dll+0x62ae9a]
V  [jvm.dll+0x781389]
V  [jvm.dll+0x782ae3]
V  [jvm.dll+0x783143]
V  [jvm.dll+0x216265]
V  [jvm.dll+0x6281d9]
V  [jvm.dll+0x61cd15]
V  [jvm.dll+0x2d01fd]
V  [jvm.dll+0x2d0062]
V  [jvm.dll+0x2d603c]
V  [jvm.dll+0x325b2a]
V  [jvm.dll+0x3251f4]
V  [jvm.dll+0x2a717a]
V  [jvm.dll+0x2a8318]
V  [jvm.dll+0x75e101]
V  [jvm.dll+0x3343e4]
V  [jvm.dll+0x73e826]
V  [jvm.dll+0x3b7777]
V  [jvm.dll+0x3b9201]
C  [jli.dll+0x52fb]
C  [ucrtbase.dll+0x21bb2]
C  [KERNEL32.DLL+0x17034]
C  [ntdll.dll+0x52651]


---------------  P R O C E S S  ---------------

Threads class SMR info:
_java_thread_list=0x00007ff85c704ff0, length=0, elements={
}

Java Threads: ( => current thread )

Other Threads:
  0x0000025d580c7170 GCTaskThread "GC Thread#0" [stack: 0x000000fc22200000,0x000000fc22300000] [id=2220]
  0x0000025d580d16f0 ConcurrentGCThread "G1 Main Marker" [stack: 0x000000fc22300000,0x000000fc22400000] [id=832]
  0x0000025d580d32f0 ConcurrentGCThread "G1 Conc#0" [stack: 0x000000fc22400000,0x000000fc22500000] [id=484]

[error occurred during error reporting (printing all threads), id 0xc0000005, EXCEPTION_ACCESS_VIOLATION (0xc0000005) at pc=0x00007ff85bef8047]

VM state: not at safepoint (not fully initialized)

VM Mutex/Monitor currently owned by a thread:  ([mutex/lock_event])
[0x0000025d580950f0] Heap_lock - owner thread: 0x0000025d580996c0

Heap address: 0x00000000c2000000, size: 992 MB, Compressed Oops mode: 32-bit
CDS archive(s) mapped at: [0x0000000000000000-0x0000000000000000-0x0000000000000000), size 0, SharedBaseAddress: 0x0000000800000000, ArchiveRelocationMode: 0.
Narrow klass base: 0x0000000000000000, Narrow klass shift: 0, Narrow klass range: 0x0

Heap:
 garbage-first heap   total 63488K, used 0K [0x00000000c2000000, 0x0000000100000000)
  region size 1024K, 0 young (0K), 0 survivors (0K)
 Metaspace       used 0K, capacity 0K, committed 0K, reserved 0K
  class space    used 0K, capacity 0K, committed 0K, reserved 0K

Heap Regions: E=young(eden), S=young(survivor), O=old, HS=humongous(starts), HC=humongous(continues), CS=collection set, F=free, OA=open archive, CA=closed archive, TAMS=top-at-mark-start (previous, next)

Card table byte_map: [0x0000025d6aca0000,0x0000025d6ae90000] _byte_map_base: 0x0000025d6a690000

Marking Bits (Prev, Next): (CMBitMap*) 0x0000025d580c79e0, (CMBitMap*) 0x0000025d580c7a20
 Prev Bits: [0x0000025d6b080000, 0x0000025d6c000000)
 Next Bits: [0x0000025d6c000000, 0x0000025d6cf80000)

GC Heap History (0 events):
No events

Deoptimization events (0 events):
No events

Classes unloaded (0 events):
No events

Classes redefined (0 events):
No events

Internal exceptions (0 events):
No events

Events (1 events):
Event: 0.012 Loaded shared library J:\SIMPLILEARN\eclipse\plugins\org.eclipse.justj.openjdk.hotspot.jre.full.win32.x86_64_15.0.1.v20201027-0507\jre\bin\java.dll


Dynamic libraries:
0x00007ff657c40000 - 0x00007ff657c4d000 	J:\SIMPLILEARN\eclipse\plugins\org.eclipse.justj.openjdk.hotspot.jre.full.win32.x86_64_15.0.1.v20201027-0507\jre\bin\javaw.exe
0x00007ff894910000 - 0x00007ff894b05000 	C:\WINDOWS\SYSTEM32\ntdll.dll
0x00007ff892a10000 - 0x00007ff892ace000 	C:\WINDOWS\System32\KERNEL32.DLL
0x00007ff892190000 - 0x00007ff892459000 	C:\WINDOWS\System32\KERNELBASE.dll
0x00007ff892520000 - 0x00007ff892620000 	C:\WINDOWS\System32\ucrtbase.dll
0x00007ff88c3a0000 - 0x00007ff88c3b9000 	J:\SIMPLILEARN\eclipse\plugins\org.eclipse.justj.openjdk.hotspot.jre.full.win32.x86_64_15.0.1.v20201027-0507\jre\bin\VCRUNTIME140.dll
0x00007ff887090000 - 0x00007ff8870a8000 	J:\SIMPLILEARN\eclipse\plugins\org.eclipse.justj.openjdk.hotspot.jre.full.win32.x86_64_15.0.1.v20201027-0507\jre\bin\jli.dll
0x00007ff8862c0000 - 0x00007ff88655a000 	C:\WINDOWS\WinSxS\amd64_microsoft.windows.common-controls_6595b64144ccf1df_6.0.19041.1110_none_60b5254171f9507e\COMCTL32.dll
0x00007ff894660000 - 0x00007ff894801000 	C:\WINDOWS\System32\USER32.dll
0x00007ff894510000 - 0x00007ff8945ae000 	C:\WINDOWS\System32\msvcrt.dll
0x00007ff892460000 - 0x00007ff892482000 	C:\WINDOWS\System32\win32u.dll
0x00007ff892ad0000 - 0x00007ff892afb000 	C:\WINDOWS\System32\GDI32.dll
0x00007ff892850000 - 0x00007ff89295b000 	C:\WINDOWS\System32\gdi32full.dll
0x00007ff8926a0000 - 0x00007ff89273d000 	C:\WINDOWS\System32\msvcp_win.dll
0x00007ff894630000 - 0x00007ff894660000 	C:\WINDOWS\System32\IMM32.DLL
0x00007ff887080000 - 0x00007ff88708c000 	J:\SIMPLILEARN\eclipse\plugins\org.eclipse.justj.openjdk.hotspot.jre.full.win32.x86_64_15.0.1.v20201027-0507\jre\bin\vcruntime140_1.dll
0x00007ff8666a0000 - 0x00007ff866731000 	J:\SIMPLILEARN\eclipse\plugins\org.eclipse.justj.openjdk.hotspot.jre.full.win32.x86_64_15.0.1.v20201027-0507\jre\bin\msvcp140.dll
0x00007ff85bc40000 - 0x00007ff85c79e000 	J:\SIMPLILEARN\eclipse\plugins\org.eclipse.justj.openjdk.hotspot.jre.full.win32.x86_64_15.0.1.v20201027-0507\jre\bin\server\jvm.dll
0x00007ff892f30000 - 0x00007ff892fdc000 	C:\WINDOWS\System32\ADVAPI32.dll
0x00007ff8935b0000 - 0x00007ff89364b000 	C:\WINDOWS\System32\sechost.dll
0x00007ff892b60000 - 0x00007ff892c8a000 	C:\WINDOWS\System32\RPCRT4.dll
0x00007ff892cb0000 - 0x00007ff892cb8000 	C:\WINDOWS\System32\PSAPI.DLL
0x00007ff87e120000 - 0x00007ff87e129000 	C:\WINDOWS\SYSTEM32\WSOCK32.dll
0x00007ff893d60000 - 0x00007ff893dcb000 	C:\WINDOWS\System32\WS2_32.dll
0x00007ff88d780000 - 0x00007ff88d7a7000 	C:\WINDOWS\SYSTEM32\WINMM.dll
0x00007ff88a750000 - 0x00007ff88a75a000 	C:\WINDOWS\SYSTEM32\VERSION.dll
0x00007ff8908b0000 - 0x00007ff8908c2000 	C:\WINDOWS\SYSTEM32\kernel.appcore.dll
0x00007ff887070000 - 0x00007ff88707a000 	J:\SIMPLILEARN\eclipse\plugins\org.eclipse.justj.openjdk.hotspot.jre.full.win32.x86_64_15.0.1.v20201027-0507\jre\bin\jimage.dll
0x00007ff88f940000 - 0x00007ff88fb24000 	C:\WINDOWS\SYSTEM32\DBGHELP.DLL
0x00007ff87bff0000 - 0x00007ff87c01c000 	C:\WINDOWS\SYSTEM32\dbgcore.DLL
0x00007ff892490000 - 0x00007ff892513000 	C:\WINDOWS\System32\bcryptPrimitives.dll
0x00007ff886d90000 - 0x00007ff886db5000 	J:\SIMPLILEARN\eclipse\plugins\org.eclipse.justj.openjdk.hotspot.jre.full.win32.x86_64_15.0.1.v20201027-0507\jre\bin\java.dll

dbghelp: loaded successfully - version: 4.0.5 - missing functions: none
symbol engine: initialized successfully - sym options: 0x614 - pdb path: .;J:\SIMPLILEARN\eclipse\plugins\org.eclipse.justj.openjdk.hotspot.jre.full.win32.x86_64_15.0.1.v20201027-0507\jre\bin;C:\WINDOWS\SYSTEM32;C:\WINDOWS\WinSxS\amd64_microsoft.windows.common-controls_6595b64144ccf1df_6.0.19041.1110_none_60b5254171f9507e;J:\SIMPLILEARN\eclipse\plugins\org.eclipse.justj.openjdk.hotspot.jre.full.win32.x86_64_15.0.1.v20201027-0507\jre\bin\server

VM Arguments:
jvm_args: -ea -Dfile.encoding=Cp1252 -XX:+ShowCodeDetailsInExceptionMessages 
java_command: org.testng.remote.RemoteTestNG -serport 53817 -protocol json -d J:\WORKSPACE\WORKSPACE 1\selenium project\test-output C:\Users\KEDARN~1\AppData\Local\Temp\testng-eclipse--2060413776\testng-customsuite.xml
java_class_path (initial): C:\eclipse\configuration\org.eclipse.osgi\948\0\.cp\lib\testng-remote.jar;J:\WORKSPACE\WORKSPACE 1\selenium project\bin;J:\SIMPLILEARN\SOFTWARES\SELENIUM JAR FILES\SELENIUM SETUP\selenium-server-3.9.0\libs\bundle-jars.jar;J:\SIMPLILEARN\SOFTWARES\SELENIUM JAR FILES\SELENIUM SETUP\selenium-server-3.9.0\libs\byte-buddy-1.7.9.jar;J:\SIMPLILEARN\SOFTWARES\SELENIUM JAR FILES\SELENIUM SETUP\selenium-server-3.9.0\libs\commons-codec-1.10.jar;J:\SIMPLILEARN\SOFTWARES\SELENIUM JAR FILES\SELENIUM SETUP\selenium-server-3.9.0\libs\commons-exec-1.3.jar;J:\SIMPLILEARN\SOFTWARES\SELENIUM JAR FILES\SELENIUM SETUP\selenium-server-3.9.0\libs\commons-io-2.6.jar;J:\SIMPLILEARN\SOFTWARES\SELENIUM JAR FILES\SELENIUM SETUP\selenium-server-3.9.0\libs\commons-lang3-3.7.jar;J:\SIMPLILEARN\SOFTWARES\SELENIUM JAR FILES\SELENIUM SETUP\selenium-server-3.9.0\libs\commons-logging-1.2.jar;J:\SIMPLILEARN\SOFTWARES\SELENIUM JAR FILES\SELENIUM SETUP\selenium-server-3.9.0\libs\commons-net-3.6.jar;J:\SIMPLILEARN\SOFTWARES\SELENIUM JAR FILES\SELENIUM SETUP\selenium-server-3.9.0\libs\commons-text-1.1.jar;J:\SIMPLILEARN\SOFTWARES\SELENIUM JAR FILES\SELENIUM SETUP\selenium-server-3.9.0\libs\cssparser-0.9.24.jar;J:\SIMPLILEARN\SOFTWARES\SELENIUM JAR FILES\SELENIUM SETUP\selenium-server-3.9.0\libs\gson-2.8.2.jar;J:\SIMPLILEARN\SOFTWARES\SELENIUM JAR FILES\SELENIUM SETUP\selenium-server-3.9.0\libs\guava-23.6-jre.jar;J:\SIMPLILEARN\SOFTWARES\SELENIUM JAR FILES\SELENIUM SETUP\selenium-server-3.9.0\libs\htmlunit-2.29.jar;J:\SIMPLILEARN\SOFTWARES\SELENIUM JAR FILES\SELENIUM SETUP\selenium-server-3.9.0\libs\htmlunit-core-js-2.28.jar;J:\SIMPLILEARN\SOFTWARES\SELENIUM JAR FILES\SELENIUM SETUP\selenium-server-3.9.0\libs\htmlunit-driver-2.29.0.jar;J:\SIMPLILEARN\SOFTWARES\SELENIUM JAR FILES\SELENIUM SETUP\selenium-server-3.9.0\libs\httpclient-4.5.3.jar;J:\SIMPLILEARN\SOFTWARES\SELENIUM JAR FILES\SELENIUM SETUP\selenium-server-3.9.0\libs\httpcore-4.4.6.jar;J:\SIMPLILEARN\SOFTWARES\SELENIUM JA
Launcher Type: SUN_STANDARD

[Global flags]
     intx CICompilerCount                          = 3                                         {product} {ergonomic}
     uint ConcGCThreads                            = 1                                         {product} {ergonomic}
     uint G1ConcRefinementThreads                  = 4                                         {product} {ergonomic}
   size_t G1HeapRegionSize                         = 1048576                                   {product} {ergonomic}
    uintx GCDrainStackTargetSize                   = 64                                        {product} {ergonomic}
   size_t InitialHeapSize                          = 65011712                                  {product} {ergonomic}
   size_t MarkStackSize                            = 4194304                                   {product} {ergonomic}
   size_t MaxHeapSize                              = 1040187392                                {product} {ergonomic}
   size_t MinHeapDeltaBytes                        = 1048576                                   {product} {ergonomic}
   size_t MinHeapSize                              = 8388608                                   {product} {ergonomic}
    uintx NonNMethodCodeHeapSize                   = 5832780                                {pd product} {ergonomic}
    uintx NonProfiledCodeHeapSize                  = 122912730                              {pd product} {ergonomic}
    uintx ProfiledCodeHeapSize                     = 122912730                              {pd product} {ergonomic}
    uintx ReservedCodeCacheSize                    = 251658240                              {pd product} {ergonomic}
     bool SegmentedCodeCache                       = true                                      {product} {ergonomic}
     bool ShowCodeDetailsInExceptionMessages       = true                                   {manageable} {command line}
   size_t SoftMaxHeapSize                          = 1040187392                             {manageable} {ergonomic}
     bool UseCompressedClassPointers               = true                                 {lp64_product} {ergonomic}
     bool UseCompressedOops                        = true                                 {lp64_product} {ergonomic}
     bool UseG1GC                                  = true                                      {product} {ergonomic}
     bool UseLargePagesIndividualAllocation        = false                                  {pd product} {ergonomic}

Logging:
Log output configuration:
 #0: stdout all=warning uptime,level,tags
 #1: stderr all=off uptime,level,tags

Environment Variables:
JAVA_HOME=C:\jdk-16.0.1
PATH=C:/eclipse//plugins/org.eclipse.justj.openjdk.hotspot.jre.full.win32.x86_64_15.0.1.v20201027-0507/jre/bin/server;C:/eclipse//plugins/org.eclipse.justj.openjdk.hotspot.jre.full.win32.x86_64_15.0.1.v20201027-0507/jre/bin;C:\Program Files (x86)\Common Files\Oracle\Java\javapath;C:\WINDOWS\system32;C:\WINDOWS;C:\WINDOWS\System32\Wbem;C:\WINDOWS\System32\WindowsPowerShell\v1.0\;C:\WINDOWS\System32\OpenSSH\;C:\Program Files\Paragon Software\Partition Manager 17 CE\bluescrn\;C:\Program Files\nodejs\;C:\jdk-16.0.1\bin;C:\Program Files\Git\cmd;C:\Program Files\PuTTY\;C:\Program Files\MySQL\MySQL Shell 8.0\bin\;C:\Users\KEDARNATH\AppData\Local\Microsoft\WindowsApps;C:\Users\KEDARNATH\AppData\Roaming\npm;C:\eclipse;
USERNAME=KEDARNATH
OS=Windows_NT
PROCESSOR_IDENTIFIER=Intel64 Family 6 Model 78 Stepping 3, GenuineIntel



---------------  S Y S T E M  ---------------

OS:
 Windows 10 , 64 bit Build 19041 (10.0.19041.1202)
OS uptime: 1 days 6:36 hours

CPU: total 4 (initial active 4) (2 cores per cpu, 2 threads per core) family 6 model 78 stepping 3 microcode 0xcc, cmov, cx8, fxsr, mmx, sse, sse2, sse3, ssse3, sse4.1, sse4.2, popcnt, vzeroupper, avx, avx2, aes, clmul, erms, 3dnowpref, lzcnt, ht, tsc, tscinvbit, bmi1, bmi2, adx, fma, clflush, clflushopt

Memory: 4k page, system-wide physical 3961M (485M free)
TotalPageFile size 5352M (AvailPageFile size 66M)
current process WorkingSet (physical memory assigned to process): 10M, peak: 10M
current process commit charge ("private bytes"): 51M, peak: 113M

vm_info: OpenJDK 64-Bit Server VM (15.0.1+9-18) for windows-amd64 JRE (15.0.1+9-18), built on Sep 15 2020 14:39:31 by "mach5one" with unknown MS VC++:1925

END.
