#
# There is insufficient memory for the Java Runtime Environment to continue.
# Native memory allocation (malloc) failed to allocate 32744 bytes for ChunkPool::allocate
# Possible reasons:
#   The system is out of physical RAM or swap space
#   The process is running with CompressedOops enabled, and the Java Heap may be blocking the growth of the native heap
# Possible solutions:
#   Reduce memory load on the system
#   Increase physical memory or swap space
#   Check if swap backing store is full
#   Decrease Java heap size (-Xmx/-Xms)
#   Decrease number of Java threads
#   Decrease Java thread stack sizes (-Xss)
#   Set larger code cache with -XX:ReservedCodeCacheSize=
#   JVM is running with Unscaled Compressed Oops mode in which the Java heap is
#     placed in the first 4GB address space. The Java Heap base address is the
#     maximum limit for the native heap growth. Please use -XX:HeapBaseMinAddress
#     to set the Java Heap base and to place the Java Heap above 4GB virtual address.
# This output file may be truncated or incomplete.
#
#  Out of Memory Error (./open/src/hotspot/share/memory/arena.cpp:79), pid=10844, tid=568
#
# JRE version: OpenJDK Runtime Environment (15.0.1+9) (build 15.0.1+9-18)
# Java VM: OpenJDK 64-Bit Server VM (15.0.1+9-18, mixed mode, tiered, compressed oops, g1 gc, windows-amd64)
# No core dump will be written. Minidumps are not enabled by default on client versions of Windows
#

---------------  S U M M A R Y ------------

Command Line: -ea -Dfile.encoding=Cp1252 -XX:+ShowCodeDetailsInExceptionMessages org.testng.remote.RemoteTestNG -serport 57058 -protocol json -d J:\WORKSPACE\WORKSPACE 1\selenium project\test-output C:\Users\KEDARN~1\AppData\Local\Temp\testng-eclipse-570613409\testng-customsuite.xml

Host: Intel(R) Core(TM) i3-6006U CPU @ 2.00GHz, 4 cores, 3G,  Windows 10 , 64 bit Build 19041 (10.0.19041.1202)
Time: Sat Oct 30 08:57:46 2021 Pacific Daylight Time elapsed time: 13.473718 seconds (0d 0h 0m 13s)

---------------  T H R E A D  ---------------

Current thread (0x0000021cd7b9e800):  JavaThread "main" [_thread_in_vm, id=568, stack(0x0000003283700000,0x0000003283800000)]

Stack: [0x0000003283700000,0x0000003283800000]
Native frames: (J=compiled Java code, j=interpreted, Vv=VM code, C=native code)
V  [jvm.dll+0x62ae9a]
V  [jvm.dll+0x781389]
V  [jvm.dll+0x782ae3]
V  [jvm.dll+0x783143]
V  [jvm.dll+0x216265]
V  [jvm.dll+0x9828f]
V  [jvm.dll+0x985dc]
V  [jvm.dll+0x6b8cc6]
V  [jvm.dll+0x6b985f]
V  [jvm.dll+0x6b9a3e]
V  [jvm.dll+0x3588dd]
V  [jvm.dll+0x35a250]
V  [jvm.dll+0x3ec412]
C  0x0000021cdd78f0f7

Java frames: (J=compiled Java code, j=interpreted, Vv=VM code)
j  java.lang.StackTraceElement.initStackTraceElements([Ljava/lang/StackTraceElement;Ljava/lang/Throwable;)V+0 java.base@15.0.1
j  java.lang.StackTraceElement.of(Ljava/lang/Throwable;I)[Ljava/lang/StackTraceElement;+30 java.base@15.0.1
j  java.lang.Throwable.getOurStackTrace()[Ljava/lang/StackTraceElement;+30 java.base@15.0.1
j  java.lang.Throwable.printEnclosedStackTrace(Ljava/lang/Throwable$PrintStreamOrWriter;[Ljava/lang/StackTraceElement;Ljava/lang/String;Ljava/lang/String;Ljava/util/Set;)V+85 java.base@15.0.1
j  java.lang.Throwable.printEnclosedStackTrace(Ljava/lang/Throwable$PrintStreamOrWriter;[Ljava/lang/StackTraceElement;Ljava/lang/String;Ljava/lang/String;Ljava/util/Set;)V+349 java.base@15.0.1
j  java.lang.Throwable.printStackTrace(Ljava/lang/Throwable$PrintStreamOrWriter;)V+161 java.base@15.0.1
j  java.lang.Throwable.printStackTrace(Ljava/io/PrintWriter;)V+9 java.base@15.0.1
j  org.testng.remote.strprotocol.TestResultMessage.<init>(Ljava/lang/String;Ljava/lang/String;Lorg/testng/ITestResult;)V+85
j  org.testng.remote.strprotocol.TestResultMessage.<init>(Lorg/testng/ITestContext;Lorg/testng/ITestResult;)V+22
j  org.testng.remote.strprotocol.RemoteTestListener1.onTestFailure(Lorg/testng/ITestResult;)V+55
j  org.testng.internal.TestListenerHelper.runTestListeners(Lorg/testng/ITestResult;Ljava/util/List;)V+123
j  org.testng.internal.TestInvoker.runTestResultListener(Lorg/testng/ITestResult;)V+10
j  org.testng.internal.TestInvoker.invokeMethod(Lorg/testng/internal/TestMethodArguments;Lorg/testng/xml/XmlSuite;Lorg/testng/internal/ITestInvoker$FailureContext;)Lorg/testng/ITestResult;+1069
j  org.testng.internal.TestInvoker.invokeTestMethod(Lorg/testng/internal/TestMethodArguments;Lorg/testng/xml/XmlSuite;Lorg/testng/internal/ITestInvoker$FailureContext;)Lorg/testng/ITestResult;+16
j  org.testng.internal.MethodRunner.runInSequence(Lorg/testng/internal/TestMethodArguments;Lorg/testng/internal/ITestInvoker;Lorg/testng/ITestContext;Ljava/util/concurrent/atomic/AtomicInteger;Lorg/testng/internal/ITestInvoker$FailureContext;Ljava/util/Iterator;Z)Ljava/util/List;+127
j  org.testng.internal.TestInvoker$MethodInvocationAgent.invoke(I)I+313
j  org.testng.internal.TestInvoker.invokeTestMethods(Lorg/testng/ITestNGMethod;Lorg/testng/internal/ConfigurationGroupMethods;Ljava/lang/Object;Lorg/testng/ITestContext;)Ljava/util/List;+389
j  org.testng.internal.TestMethodWorker.invokeTestMethods(Lorg/testng/ITestNGMethod;Ljava/lang/Object;)V+14
j  org.testng.internal.TestMethodWorker.run()V+127
j  org.testng.TestRunner$$Lambda$124+0x0000000100175bc8.accept(Ljava/lang/Object;)V+7
j  java.util.ArrayList.forEach(Ljava/util/function/Consumer;)V+46 java.base@15.0.1
j  org.testng.TestRunner.privateRun(Lorg/testng/xml/XmlTest;)V+380
j  org.testng.TestRunner.run()V+25
j  org.testng.SuiteRunner.runTest(Lorg/testng/TestRunner;)V+21
j  org.testng.SuiteRunner.runSequentially()V+31
j  org.testng.SuiteRunner.privateRun()V+332
j  org.testng.SuiteRunner.run()V+6
j  org.testng.SuiteRunnerWorker.runSuite(Lorg/testng/internal/SuiteRunnerMap;Lorg/testng/xml/XmlSuite;)V+87
j  org.testng.SuiteRunnerWorker.run()V+12
j  org.testng.TestNG.runSuitesSequentially(Lorg/testng/xml/XmlSuite;Lorg/testng/internal/SuiteRunnerMap;ILjava/lang/String;)V+66
j  org.testng.TestNG.runSuitesLocally()Ljava/util/List;+156
j  org.testng.TestNG.runSuites()Ljava/util/List;+1
j  org.testng.TestNG.run()V+25
j  org.testng.remote.AbstractRemoteTestNG.run()V+149
j  org.testng.remote.RemoteTestNG.initAndRun(Lorg/testng/remote/IRemoteTestNG;[Ljava/lang/String;Lorg/testng/CommandLineArgs;Lorg/testng/remote/RemoteArgs;)V+184
j  org.testng.remote.RemoteTestNG.main([Ljava/lang/String;)V+201
v  ~StubRoutines::call_stub

---------------  P R O C E S S  ---------------

Threads class SMR info:
_java_thread_list=0x0000021cf32a5600, length=18, elements={
0x0000021cd7b9e800, 0x0000021cf1943010, 0x0000021cf19439d0, 0x0000021cf1964440,
0x0000021cf1968d20, 0x0000021cf19695e0, 0x0000021cf19708a0, 0x0000021cf1971350,
0x0000021cf1971d50, 0x0000021cf1bf7e70, 0x0000021cf1c0d010, 0x0000021cf20e24b0,
0x0000021cf26764b0, 0x0000021cf2676980, 0x0000021cf3172890, 0x0000021cf311f020,
0x0000021cf3062ee0, 0x0000021cf25058d0
}

Java Threads: ( => current thread )
=>0x0000021cd7b9e800 JavaThread "main" [_thread_in_vm, id=568, stack(0x0000003283700000,0x0000003283800000)]
  0x0000021cf1943010 JavaThread "Reference Handler" daemon [_thread_blocked, id=7736, stack(0x0000003283e00000,0x0000003283f00000)]
  0x0000021cf19439d0 JavaThread "Finalizer" daemon [_thread_blocked, id=4672, stack(0x0000003283f00000,0x0000003284000000)]
  0x0000021cf1964440 JavaThread "Signal Dispatcher" daemon [_thread_blocked, id=2420, stack(0x0000003284000000,0x0000003284100000)]
  0x0000021cf1968d20 JavaThread "Attach Listener" daemon [_thread_blocked, id=8552, stack(0x0000003284100000,0x0000003284200000)]
  0x0000021cf19695e0 JavaThread "Service Thread" daemon [_thread_blocked, id=7996, stack(0x0000003284200000,0x0000003284300000)]
  0x0000021cf19708a0 JavaThread "C2 CompilerThread0" daemon [_thread_blocked, id=10896, stack(0x0000003284300000,0x0000003284400000)]
  0x0000021cf1971350 JavaThread "C1 CompilerThread0" daemon [_thread_blocked, id=5404, stack(0x0000003284400000,0x0000003284500000)]
  0x0000021cf1971d50 JavaThread "Sweeper thread" daemon [_thread_blocked, id=9680, stack(0x0000003284500000,0x0000003284600000)]
  0x0000021cf1bf7e70 JavaThread "Notification Thread" daemon [_thread_blocked, id=11108, stack(0x0000003284600000,0x0000003284700000)]
  0x0000021cf1c0d010 JavaThread "Common-Cleaner" daemon [_thread_blocked, id=11124, stack(0x0000003284800000,0x0000003284900000)]
  0x0000021cf20e24b0 JavaThread "ReaderThread" [_thread_in_native, id=10944, stack(0x0000003284a00000,0x0000003284b00000)]
  0x0000021cf26764b0 JavaThread "Exec Default Executor" daemon [_thread_in_native, id=3988, stack(0x0000003284e00000,0x0000003284f00000)]
  0x0000021cf2676980 JavaThread "UrlChecker-2" daemon [_thread_blocked, id=5408, stack(0x0000003284f00000,0x0000003285000000)]
  0x0000021cf3172890 JavaThread "Exec Stream Pumper" daemon [_thread_in_native, id=6872, stack(0x0000003285000000,0x0000003285100000)]
  0x0000021cf311f020 JavaThread "Exec Stream Pumper" daemon [_thread_in_native, id=8212, stack(0x0000003285100000,0x0000003285200000)]
  0x0000021cf3062ee0 JavaThread "OkHttp ConnectionPool" daemon [_thread_blocked, id=11220, stack(0x0000003285300000,0x0000003285400000)]
  0x0000021cf25058d0 JavaThread "Okio Watchdog" daemon [_thread_blocked, id=6436, stack(0x0000003285400000,0x0000003285500000)]

Other Threads:
  0x0000021cf190a390 VMThread "VM Thread" [stack: 0x0000003283d00000,0x0000003283e00000] [id=4296]
  0x0000021cf1bf8340 WatcherThread [stack: 0x0000003284700000,0x0000003284800000] [id=11216]
  0x0000021cd9d96350 GCTaskThread "GC Thread#0" [stack: 0x0000003283800000,0x0000003283900000] [id=6012]
  0x0000021cf1e62740 GCTaskThread "GC Thread#1" [stack: 0x0000003284b00000,0x0000003284c00000] [id=10964]
  0x0000021cf1e63400 GCTaskThread "GC Thread#2" [stack: 0x0000003284c00000,0x0000003284d00000] [id=4940]
  0x0000021cf1e63d90 GCTaskThread "GC Thread#3" [stack: 0x0000003284d00000,0x0000003284e00000] [id=9760]
  0x0000021cd9d9f9c0 ConcurrentGCThread "G1 Main Marker" [stack: 0x0000003283900000,0x0000003283a00000] [id=4652]
  0x0000021cd9da25d0 ConcurrentGCThread "G1 Conc#0" [stack: 0x0000003283a00000,0x0000003283b00000] [id=388]
  0x0000021cd9de0e30 ConcurrentGCThread "G1 Refine#0" [stack: 0x0000003283b00000,0x0000003283c00000] [id=4636]
  0x0000021cd9de28e0 ConcurrentGCThread "G1 Young RemSet Sampling" [stack: 0x0000003283c00000,0x0000003283d00000] [id=10380]

Threads with active compile tasks:

VM state: not at safepoint (normal execution)

VM Mutex/Monitor currently owned by a thread: None

Heap address: 0x00000000c2000000, size: 992 MB, Compressed Oops mode: 32-bit
CDS disabled.
Compressed class space mapped at: 0x0000000100000000-0x0000000140000000, size: 1073741824
Narrow klass base: 0x0000000000000000, Narrow klass shift: 3, Narrow klass range: 0x140000000

GC Precious Log:
 CPUs: 4 total, 4 available
 Memory: 3961M
 Large Page Support: Disabled
 NUMA Support: Disabled
 Compressed Oops: Enabled (32-bit)
 Heap Region Size: 1M
 Heap Min Capacity: 8M
 Heap Initial Capacity: 62M
 Heap Max Capacity: 992M
 Pre-touch: Disabled
 Parallel Workers: 4
 Concurrent Workers: 1
 Concurrent Refinement Workers: 4
 Periodic GC: Disabled

Heap:
 garbage-first heap   total 34816K, used 12940K [0x00000000c2000000, 0x0000000100000000)
  region size 1024K, 9 young (9216K), 3 survivors (3072K)
 Metaspace       used 22275K, capacity 22520K, committed 22784K, reserved 1069056K
  class space    used 2381K, capacity 2465K, committed 2560K, reserved 1048576K

Heap Regions: E=young(eden), S=young(survivor), O=old, HS=humongous(starts), HC=humongous(continues), CS=collection set, F=free, OA=open archive, CA=closed archive, TAMS=top-at-mark-start (previous, next)
|   0|0x00000000c2000000, 0x00000000c2100000, 0x00000000c2100000|100%|HS|  |TAMS 0x00000000c2100000, 0x00000000c2000000| Complete 
|   1|0x00000000c2100000, 0x00000000c2200000, 0x00000000c2200000|100%|HC|  |TAMS 0x00000000c2200000, 0x00000000c2100000| Complete 
|   2|0x00000000c2200000, 0x00000000c2300000, 0x00000000c2300000|100%| O|  |TAMS 0x00000000c2300000, 0x00000000c2200000| Untracked 
|   3|0x00000000c2300000, 0x00000000c2400000, 0x00000000c2400000|100%| O|  |TAMS 0x00000000c2400000, 0x00000000c2300000| Untracked 
|   4|0x00000000c2400000, 0x00000000c2500000, 0x00000000c2500000|100%| O|  |TAMS 0x00000000c2500000, 0x00000000c2400000| Untracked 
|   5|0x00000000c2500000, 0x00000000c25ff000, 0x00000000c2600000| 99%| O|  |TAMS 0x00000000c25ff000, 0x00000000c2500000| Untracked 
|   6|0x00000000c2600000, 0x00000000c2600000, 0x00000000c2700000|  0%| F|  |TAMS 0x00000000c2600000, 0x00000000c2600000| Untracked 
|   7|0x00000000c2700000, 0x00000000c2700000, 0x00000000c2800000|  0%| F|  |TAMS 0x00000000c2700000, 0x00000000c2700000| Untracked 
|   8|0x00000000c2800000, 0x00000000c2800000, 0x00000000c2900000|  0%| F|  |TAMS 0x00000000c2800000, 0x00000000c2800000| Untracked 
|   9|0x00000000c2900000, 0x00000000c2900000, 0x00000000c2a00000|  0%| F|  |TAMS 0x00000000c2900000, 0x00000000c2900000| Untracked 
|  10|0x00000000c2a00000, 0x00000000c2a00000, 0x00000000c2b00000|  0%| F|  |TAMS 0x00000000c2a00000, 0x00000000c2a00000| Untracked 
|  11|0x00000000c2b00000, 0x00000000c2b00000, 0x00000000c2c00000|  0%| F|  |TAMS 0x00000000c2b00000, 0x00000000c2b00000| Untracked 
|  12|0x00000000c2c00000, 0x00000000c2c00000, 0x00000000c2d00000|  0%| F|  |TAMS 0x00000000c2c00000, 0x00000000c2c00000| Untracked 
|  13|0x00000000c2d00000, 0x00000000c2d00000, 0x00000000c2e00000|  0%| F|  |TAMS 0x00000000c2d00000, 0x00000000c2d00000| Untracked 
|  14|0x00000000c2e00000, 0x00000000c2e00000, 0x00000000c2f00000|  0%| F|  |TAMS 0x00000000c2e00000, 0x00000000c2e00000| Untracked 
|  15|0x00000000c2f00000, 0x00000000c2f00000, 0x00000000c3000000|  0%| F|  |TAMS 0x00000000c2f00000, 0x00000000c2f00000| Untracked 
|  16|0x00000000c3000000, 0x00000000c3000000, 0x00000000c3100000|  0%| F|  |TAMS 0x00000000c3000000, 0x00000000c3000000| Untracked 
|  17|0x00000000c3100000, 0x00000000c3100000, 0x00000000c3200000|  0%| F|  |TAMS 0x00000000c3100000, 0x00000000c3100000| Untracked 
|  18|0x00000000c3200000, 0x00000000c3200000, 0x00000000c3300000|  0%| F|  |TAMS 0x00000000c3200000, 0x00000000c3200000| Untracked 
|  19|0x00000000c3300000, 0x00000000c3300000, 0x00000000c3400000|  0%| F|  |TAMS 0x00000000c3300000, 0x00000000c3300000| Untracked 
|  20|0x00000000c3400000, 0x00000000c3400000, 0x00000000c3500000|  0%| F|  |TAMS 0x00000000c3400000, 0x00000000c3400000| Untracked 
|  21|0x00000000c3500000, 0x00000000c3500000, 0x00000000c3600000|  0%| F|  |TAMS 0x00000000c3500000, 0x00000000c3500000| Untracked 
|  22|0x00000000c3600000, 0x00000000c3600000, 0x00000000c3700000|  0%| F|  |TAMS 0x00000000c3600000, 0x00000000c3600000| Untracked 
|  23|0x00000000c3700000, 0x00000000c3700000, 0x00000000c3800000|  0%| F|  |TAMS 0x00000000c3700000, 0x00000000c3700000| Untracked 
|  24|0x00000000c3800000, 0x00000000c3800000, 0x00000000c3900000|  0%| F|  |TAMS 0x00000000c3800000, 0x00000000c3800000| Untracked 
|  25|0x00000000c3900000, 0x00000000c39da158, 0x00000000c3a00000| 85%| E|  |TAMS 0x00000000c3900000, 0x00000000c3900000| Complete 
|  26|0x00000000c3a00000, 0x00000000c3b00000, 0x00000000c3b00000|100%| E|CS|TAMS 0x00000000c3a00000, 0x00000000c3a00000| Complete 
|  27|0x00000000c3b00000, 0x00000000c3c00000, 0x00000000c3c00000|100%| E|CS|TAMS 0x00000000c3b00000, 0x00000000c3b00000| Complete 
|  28|0x00000000c3c00000, 0x00000000c3d00000, 0x00000000c3d00000|100%| E|  |TAMS 0x00000000c3c00000, 0x00000000c3c00000| Complete 
|  29|0x00000000c3d00000, 0x00000000c3e00000, 0x00000000c3e00000|100%| E|CS|TAMS 0x00000000c3d00000, 0x00000000c3d00000| Complete 
|  43|0x00000000c4b00000, 0x00000000c4ba4340, 0x00000000c4c00000| 64%| S|CS|TAMS 0x00000000c4b00000, 0x00000000c4b00000| Complete 
|  44|0x00000000c4c00000, 0x00000000c4d00000, 0x00000000c4d00000|100%| S|CS|TAMS 0x00000000c4c00000, 0x00000000c4c00000| Complete 
|  45|0x00000000c4d00000, 0x00000000c4e00000, 0x00000000c4e00000|100%| S|CS|TAMS 0x00000000c4d00000, 0x00000000c4d00000| Complete 
|  61|0x00000000c5d00000, 0x00000000c5e00000, 0x00000000c5e00000|100%| E|CS|TAMS 0x00000000c5d00000, 0x00000000c5d00000| Complete 

Card table byte_map: [0x0000021cec970000,0x0000021cecb60000] _byte_map_base: 0x0000021cec360000

Marking Bits (Prev, Next): (CMBitMap*) 0x0000021cd9d96c00, (CMBitMap*) 0x0000021cd9d96bc0
 Prev Bits: [0x0000021cedcd0000, 0x0000021ceec50000)
 Next Bits: [0x0000021cecd50000, 0x0000021cedcd0000)

Polling page: 0x0000021cd7ca0000

Metaspace:

Usage:
  Non-class:     19.58 MB capacity,    19.43 MB (>99%) used,   135.75 KB ( <1%) free+waste,    25.50 KB ( <1%) overhead. 
      Class:      2.41 MB capacity,     2.33 MB ( 97%) used,    73.91 KB (  3%) free+waste,     9.25 KB ( <1%) overhead. 
       Both:     21.99 MB capacity,    21.75 MB ( 99%) used,   209.66 KB ( <1%) free+waste,    34.75 KB ( <1%) overhead. 

Virtual space:
  Non-class space:       20.00 MB reserved,      19.75 MB ( 99%) committed 
      Class space:        1.00 GB reserved,       2.50 MB ( <1%) committed 
             Both:        1.02 GB reserved,      22.25 MB (  2%) committed 

Chunk freelists:
   Non-Class:  41.00 KB
       Class:  31.00 KB
        Both:  72.00 KB

MaxMetaspaceSize: 17179869184.00 GB
CompressedClassSpaceSize: 1.00 GB

CodeHeap 'non-profiled nmethods': size=120000Kb used=558Kb max_used=558Kb free=119441Kb
 bounds [0x0000021ce5250000, 0x0000021ce54c0000, 0x0000021cec780000]
CodeHeap 'profiled nmethods': size=120000Kb used=2859Kb max_used=2859Kb free=117140Kb
 bounds [0x0000021cddd20000, 0x0000021cddff0000, 0x0000021ce5250000]
CodeHeap 'non-nmethods': size=5760Kb used=1215Kb max_used=1238Kb free=4544Kb
 bounds [0x0000021cdd780000, 0x0000021cdd9f0000, 0x0000021cddd20000]
 total_blobs=2102 nmethods=1620 adapters=395
 compilation: enabled
              stopped_count=0, restarted_count=0
 full_count=0

Compilation events (20 events):
Event: 3.251 Thread 0x0000021cf1971350 1614       3       java.util.regex.Pattern$BmpCharPredicate::lambda$union$2 (26 bytes)
Event: 3.251 Thread 0x0000021cf1971350 nmethod 1614 0x0000021cddfe3410 code [0x0000021cddfe35c0, 0x0000021cddfe38d8]
Event: 3.258 Thread 0x0000021cf19708a0 1615       4       jdk.internal.loader.URLClassPath$JarLoader$2::getCodeSourceURL (8 bytes)
Event: 3.259 Thread 0x0000021cf19708a0 nmethod 1615 0x0000021ce52da390 code [0x0000021ce52da500, 0x0000021ce52da578]
Event: 3.268 Thread 0x0000021cf1971350 1616       3       java.util.ArrayList::toArray (12 bytes)
Event: 3.268 Thread 0x0000021cf1971350 nmethod 1616 0x0000021cddfe3a10 code [0x0000021cddfe3bc0, 0x0000021cddfe3d88]
Event: 13.350 Thread 0x0000021cf19708a0 1617       4       java.util.AbstractSet::<init> (5 bytes)
Event: 13.352 Thread 0x0000021cf19708a0 nmethod 1617 0x0000021ce52da690 code [0x0000021ce52da800, 0x0000021ce52da858]
Event: 13.354 Thread 0x0000021cf19708a0 1618       4       java.util.jar.Manifest$FastInputStream::readLine (296 bytes)
Event: 13.357 Thread 0x0000021cf1971350 1619   !   3       java.util.jar.Attributes::read (530 bytes)
Event: 13.374 Thread 0x0000021cf1971350 nmethod 1619 0x0000021cddfe3e90 code [0x0000021cddfe4680, 0x0000021cddfe8528]
Event: 13.375 Thread 0x0000021cf1971350 1620       3       java.util.regex.Matcher::getTextLength (10 bytes)
Event: 13.375 Thread 0x0000021cf1971350 nmethod 1620 0x0000021cddfe9f10 code [0x0000021cddfea0c0, 0x0000021cddfea288]
Event: 13.375 Thread 0x0000021cf1971350 1623       3       java.lang.StringBuilder::append (9 bytes)
Event: 13.376 Thread 0x0000021cf1971350 nmethod 1623 0x0000021cddfea390 code [0x0000021cddfea560, 0x0000021cddfea878]
Event: 13.376 Thread 0x0000021cf1971350 1621       3       java.util.regex.Matcher::start (22 bytes)
Event: 13.377 Thread 0x0000021cf1971350 nmethod 1621 0x0000021cddfea990 code [0x0000021cddfeab40, 0x0000021cddfead48]
Event: 13.402 Thread 0x0000021cf19708a0 nmethod 1618 0x0000021ce52da990 code [0x0000021ce52dab40, 0x0000021ce52db2b8]
Event: 13.402 Thread 0x0000021cf19708a0 1622       4       java.util.HashMap::newNode (13 bytes)
Event: 13.406 Thread 0x0000021cf19708a0 nmethod 1622 0x0000021ce52db790 code [0x0000021ce52db920, 0x0000021ce52dba18]

GC Heap History (6 events):
Event: 1.117 GC heap before
{Heap before GC invocations=0 (full 0):
 garbage-first heap   total 63488K, used 14336K [0x00000000c2000000, 0x0000000100000000)
  region size 1024K, 13 young (13312K), 0 survivors (0K)
 Metaspace       used 11971K, capacity 12060K, committed 12288K, reserved 1060864K
  class space    used 1129K, capacity 1162K, committed 1280K, reserved 1048576K
}
Event: 1.126 GC heap after
{Heap after GC invocations=1 (full 0):
 garbage-first heap   total 63488K, used 6168K [0x00000000c2000000, 0x0000000100000000)
  region size 1024K, 2 young (2048K), 2 survivors (2048K)
 Metaspace       used 11971K, capacity 12060K, committed 12288K, reserved 1060864K
  class space    used 1129K, capacity 1162K, committed 1280K, reserved 1048576K
}
Event: 1.947 GC heap before
{Heap before GC invocations=1 (full 0):
 garbage-first heap   total 63488K, used 17432K [0x00000000c2000000, 0x0000000100000000)
  region size 1024K, 14 young (14336K), 2 survivors (2048K)
 Metaspace       used 17499K, capacity 17762K, committed 18048K, reserved 1064960K
  class space    used 1775K, capacity 1842K, committed 1920K, reserved 1048576K
}
Event: 1.953 GC heap after
{Heap after GC invocations=2 (full 0):
 garbage-first heap   total 63488K, used 7447K [0x00000000c2000000, 0x0000000100000000)
  region size 1024K, 2 young (2048K), 2 survivors (2048K)
 Metaspace       used 17499K, capacity 17762K, committed 18048K, reserved 1064960K
  class space    used 1775K, capacity 1842K, committed 1920K, reserved 1048576K
}
Event: 3.054 GC heap before
{Heap before GC invocations=2 (full 0):
 garbage-first heap   total 63488K, used 20759K [0x00000000c2000000, 0x0000000100000000)
  region size 1024K, 16 young (16384K), 2 survivors (2048K)
 Metaspace       used 20936K, capacity 21176K, committed 21248K, reserved 1069056K
  class space    used 2198K, capacity 2273K, committed 2304K, reserved 1048576K
}
Event: 3.064 GC heap after
{Heap after GC invocations=3 (full 0):
 garbage-first heap   total 63488K, used 8844K [0x00000000c2000000, 0x0000000100000000)
  region size 1024K, 3 young (3072K), 3 survivors (3072K)
 Metaspace       used 20936K, capacity 21176K, committed 21248K, reserved 1069056K
  class space    used 2198K, capacity 2273K, committed 2304K, reserved 1048576K
}

Deoptimization events (20 events):
Event: 2.121 Thread 0x0000021cd7b9e800 DEOPT PACKING pc=0x0000021cddd55ca5 sp=0x00000032837fcc10
Event: 2.121 Thread 0x0000021cd7b9e800 DEOPT UNPACKING pc=0x0000021cdd7ce23f sp=0x00000032837fc070 mode 0
Event: 2.148 Thread 0x0000021cd7b9e800 Uncommon trap: trap_request=0xffffff45 fr.pc=0x0000021ce52abd20 relative=0x0000000000000600
Event: 2.148 Thread 0x0000021cd7b9e800 Uncommon trap: reason=unstable_if action=reinterpret pc=0x0000021ce52abd20 method=java.lang.String.replace(CC)Ljava/lang/String; @ 2 c2
Event: 2.148 Thread 0x0000021cd7b9e800 DEOPT PACKING pc=0x0000021ce52abd20 sp=0x00000032837fd240
Event: 2.148 Thread 0x0000021cd7b9e800 DEOPT UNPACKING pc=0x0000021cdd7ce42f sp=0x00000032837fd1f0 mode 2
Event: 2.850 Thread 0x0000021cd7b9e800 DEOPT PACKING pc=0x0000021cddf9836a sp=0x00000032837f8ae0
Event: 2.850 Thread 0x0000021cd7b9e800 DEOPT UNPACKING pc=0x0000021cdd7ce23f sp=0x00000032837f7f50 mode 0
Event: 2.950 Thread 0x0000021cd7b9e800 DEOPT PACKING pc=0x0000021cddfaabfb sp=0x00000032837fc700
Event: 2.950 Thread 0x0000021cd7b9e800 DEOPT UNPACKING pc=0x0000021cdd7ce23f sp=0x00000032837fbb70 mode 0
Event: 2.981 Thread 0x0000021cd7b9e800 Uncommon trap: trap_request=0xffffff45 fr.pc=0x0000021ce52bd144 relative=0x0000000000000424
Event: 2.981 Thread 0x0000021cd7b9e800 Uncommon trap: reason=unstable_if action=reinterpret pc=0x0000021ce52bd144 method=java.io.ByteArrayInputStream.read([BII)I @ 35 c2
Event: 2.981 Thread 0x0000021cd7b9e800 DEOPT PACKING pc=0x0000021ce52bd144 sp=0x00000032837fca10
Event: 2.981 Thread 0x0000021cd7b9e800 DEOPT UNPACKING pc=0x0000021cdd7ce42f sp=0x00000032837fc9d0 mode 2
Event: 3.098 Thread 0x0000021cd7b9e800 DEOPT PACKING pc=0x0000021cddfaabfb sp=0x00000032837fb750
Event: 3.098 Thread 0x0000021cd7b9e800 DEOPT UNPACKING pc=0x0000021cdd7ce23f sp=0x00000032837fabc0 mode 0
Event: 3.174 Thread 0x0000021cd7b9e800 DEOPT PACKING pc=0x0000021cddfaabfb sp=0x00000032837f5ba0
Event: 3.174 Thread 0x0000021cd7b9e800 DEOPT UNPACKING pc=0x0000021cdd7ce23f sp=0x00000032837f5010 mode 0
Event: 3.288 Thread 0x0000021cd7b9e800 DEOPT PACKING pc=0x0000021cddfaabfb sp=0x00000032837fb740
Event: 3.288 Thread 0x0000021cd7b9e800 DEOPT UNPACKING pc=0x0000021cdd7ce23f sp=0x00000032837fabb0 mode 0

Classes unloaded (0 events):
No events

Classes redefined (0 events):
No events

Internal exceptions (20 events):
Event: 1.542 Thread 0x0000021cd7b9e800 Exception <a 'java/lang/NoSuchMethodError'{0x00000000c5935b30}: 'java.lang.Object java.lang.invoke.DirectMethodHandle$Holder.invokeSpecial(java.lang.Object, java.lang.Object, java.lang.Object, int, java.lang.Object)'> (0x00000000c5935b30) 
thrown [./open/src/hotspot/share/interpreter/linkResolver.cpp, line 782]
Event: 1.543 Thread 0x0000021cd7b9e800 Exception <a 'java/lang/NoSuchMethodError'{0x00000000c59398f0}: 'java.lang.Object java.lang.invoke.Invokers$Holder.linkToTargetMethod(java.lang.Object, int, java.lang.Object, java.lang.Object)'> (0x00000000c59398f0) 
thrown [./open/src/hotspot/share/interpreter/linkResolver.cpp, line 782]
Event: 1.573 Thread 0x0000021cd7b9e800 Exception <a 'java/lang/NoSuchMethodError'{0x00000000c5989058}: 'void java.lang.invoke.DirectMethodHandle$Holder.invokeStatic(java.lang.Object, java.lang.Object, java.lang.Object)'> (0x00000000c5989058) 
thrown [./open/src/hotspot/share/interpreter/linkResolver.cpp, line 782]
Event: 1.630 Thread 0x0000021cd7b9e800 Exception <a 'java/lang/NoSuchMethodError'{0x00000000c589b128}: 'void java.lang.invoke.DirectMethodHandle$Holder.invokeInterface(java.lang.Object, java.lang.Object)'> (0x00000000c589b128) 
thrown [./open/src/hotspot/share/interpreter/linkResolver.cpp, line 782]
Event: 1.719 Thread 0x0000021cd7b9e800 Exception <a 'java/net/SocketException'{0x00000000c56cd3b8}: Socket is not connected: shutdown> (0x00000000c56cd3b8) 
thrown [./open/src/hotspot/share/prims/jni.cpp, line 599]
Event: 2.006 Thread 0x0000021cd7b9e800 Exception <a 'sun/nio/fs/WindowsException'{0x00000000c5a73128}> (0x00000000c5a73128) 
thrown [./open/src/hotspot/share/prims/jni.cpp, line 578]
Event: 2.023 Thread 0x0000021cd7b9e800 Exception <a 'java/lang/NoSuchMethodError'{0x00000000c5a963d8}: 'int java.lang.invoke.DirectMethodHandle$Holder.invokeStaticInit(java.lang.Object, java.lang.Object, java.lang.Object, java.lang.Object)'> (0x00000000c5a963d8) 
thrown [./open/src/hotspot/share/interpreter/linkResolver.cpp, line 782]
Event: 2.167 Thread 0x0000021cf26764b0 Exception <a 'java/lang/NoSuchMethodError'{0x00000000c557ae78}: 'void java.lang.invoke.DirectMethodHandle$Holder.invokeStatic(java.lang.Object, long)'> (0x00000000c557ae78) 
thrown [./open/src/hotspot/share/interpreter/linkResolver.cpp, line 782]
Event: 2.168 Thread 0x0000021cf26764b0 Exception <a 'java/lang/NoSuchMethodError'{0x00000000c5580610}: 'java.lang.Object java.lang.invoke.DirectMethodHandle$Holder.newInvokeSpecial(java.lang.Object, long)'> (0x00000000c5580610) 
thrown [./open/src/hotspot/share/interpreter/linkResolver.cpp, line 782]
Event: 2.171 Thread 0x0000021cf26764b0 Exception <a 'java/lang/NoSuchMethodError'{0x00000000c558ae00}: 'java.lang.Object java.lang.invoke.DirectMethodHandle$Holder.invokeStaticInit(java.lang.Object, java.lang.Object, long, java.lang.Object)'> (0x00000000c558ae00) 
thrown [./open/src/hotspot/share/interpreter/linkResolver.cpp, line 782]
Event: 2.172 Thread 0x0000021cf26764b0 Exception <a 'java/lang/NoSuchMethodError'{0x00000000c5591280}: 'java.lang.Object java.lang.invoke.DirectMethodHandle$Holder.newInvokeSpecial(java.lang.Object, java.lang.Object, long)'> (0x00000000c5591280) 
thrown [./open/src/hotspot/share/interpreter/linkResolver.cpp, line 782]
Event: 2.173 Thread 0x0000021cf26764b0 Exception <a 'java/lang/NoSuchMethodError'{0x00000000c5594ff0}: 'java.lang.Object java.lang.invoke.Invokers$Holder.linkToTargetMethod(java.lang.Object, long, java.lang.Object)'> (0x00000000c5594ff0) 
thrown [./open/src/hotspot/share/interpreter/linkResolver.cpp, line 782]
Event: 2.867 Thread 0x0000021cd7b9e800 Exception <a 'java/lang/NoSuchMethodError'{0x00000000c52332e8}: 'java.lang.Object java.lang.invoke.DirectMethodHandle$Holder.invokeInterface(java.lang.Object, java.lang.Object, java.lang.Object)'> (0x00000000c52332e8) 
thrown [./open/src/hotspot/share/interpreter/linkResolver.cpp, line 782]
Event: 2.869 Thread 0x0000021cd7b9e800 Exception <a 'java/lang/IncompatibleClassChangeError'{0x00000000c5237048}: Found class java.lang.Object, but interface was expected> (0x00000000c5237048) 
thrown [./open/src/hotspot/share/interpreter/linkResolver.cpp, line 848]
Event: 2.874 Thread 0x0000021cd7b9e800 Exception <a 'java/lang/NoSuchMethodError'{0x00000000c523fed8}: 'int java.lang.invoke.DirectMethodHandle$Holder.invokeSpecialIFC(java.lang.Object, java.lang.Object, java.lang.Object, java.lang.Object)'> (0x00000000c523fed8) 
thrown [./open/src/hotspot/share/interpreter/linkResolver.cpp, line 782]
Event: 2.876 Thread 0x0000021cd7b9e800 Exception <a 'java/lang/NoSuchMethodError'{0x00000000c5248890}: 'java.lang.Object java.lang.invoke.DirectMethodHandle$Holder.invokeInterface(java.lang.Object, java.lang.Object, java.lang.Object, java.lang.Object)'> (0x00000000c5248890) 
thrown [./open/src/hotspot/share/interpreter/linkResolver.cpp, line 782]
Event: 2.890 Thread 0x0000021cd7b9e800 Exception <a 'java/lang/NoSuchMethodError'{0x00000000c5270220}: 'java.lang.Object java.lang.invoke.DirectMethodHandle$Holder.invokeVirtual(java.lang.Object, java.lang.Object, java.lang.Object)'> (0x00000000c5270220) 
thrown [./open/src/hotspot/share/interpreter/linkResolver.cpp, line 782]
Event: 2.926 Thread 0x0000021cd7b9e800 Exception <a 'java/lang/NoSuchMethodError'{0x00000000c52e5df0}: 'void java.lang.invoke.DirectMethodHandle$Holder.invokeInterface(java.lang.Object, java.lang.Object, java.lang.Object)'> (0x00000000c52e5df0) 
thrown [./open/src/hotspot/share/interpreter/linkResolver.cpp, line 782]
Event: 13.312 Thread 0x0000021cd7b9e800 Exception <a 'java/lang/ClassNotFoundException'{0x00000000c392a780}: sun/misc/SharedSecrets> (0x00000000c392a780) 
thrown [./open/src/hotspot/share/classfile/systemDictionary.cpp, line 295]
Event: 13.340 Thread 0x0000021cd7b9e800 Exception <a 'java/lang/reflect/InvocationTargetException'{0x00000000c392b868}> (0x00000000c392b868) 
thrown [./open/src/hotspot/share/runtime/reflection.cpp, line 1157]

Events (20 events):
Event: 3.234 loading class java/util/LinkedList$LLSpliterator done
Event: 3.263 loading class java/net/ProtocolException
Event: 3.263 loading class java/net/ProtocolException done
Event: 3.263 loading class java/net/HttpRetryException
Event: 3.263 loading class java/net/HttpRetryException done
Event: 3.279 loading class java/net/UnknownServiceException
Event: 3.279 loading class java/net/UnknownServiceException done
Event: 3.292 Thread 0x0000021cf3062ee0 Thread added: 0x0000021cf3062ee0
Event: 3.297 Thread 0x0000021cf25058d0 Thread added: 0x0000021cf25058d0
Event: 7.715 Thread 0x0000021cf30e3270 Thread exited: 0x0000021cf30e3270
Event: 13.312 loading class sun/misc/SharedSecrets
Event: 13.312 loading class sun/misc/SharedSecrets done
Event: 13.339 loading class java/net/InetAddress$CachedLocalHost
Event: 13.339 loading class java/net/InetAddress$CachedLocalHost done
Event: 13.345 loading class java/lang/Throwable$WrappedPrintWriter
Event: 13.346 loading class java/lang/Throwable$PrintStreamOrWriter
Event: 13.346 loading class java/lang/Throwable$PrintStreamOrWriter done
Event: 13.346 loading class java/lang/Throwable$WrappedPrintWriter done
Event: 13.361 loading class java/lang/StackTraceElement$HashedModules
Event: 13.362 loading class java/lang/StackTraceElement$HashedModules done


Dynamic libraries:
0x00007ff78ffa0000 - 0x00007ff78ffad000 	J:\SIMPLILEARN\eclipse\plugins\org.eclipse.justj.openjdk.hotspot.jre.full.win32.x86_64_15.0.1.v20201027-0507\jre\bin\javaw.exe
0x00007ff894910000 - 0x00007ff894b05000 	C:\WINDOWS\SYSTEM32\ntdll.dll
0x00007ff892a10000 - 0x00007ff892ace000 	C:\WINDOWS\System32\KERNEL32.DLL
0x00007ff892190000 - 0x00007ff892459000 	C:\WINDOWS\System32\KERNELBASE.dll
0x00007ff892520000 - 0x00007ff892620000 	C:\WINDOWS\System32\ucrtbase.dll
0x00007ff88bcd0000 - 0x00007ff88bce8000 	J:\SIMPLILEARN\eclipse\plugins\org.eclipse.justj.openjdk.hotspot.jre.full.win32.x86_64_15.0.1.v20201027-0507\jre\bin\jli.dll
0x00007ff88bf60000 - 0x00007ff88bf79000 	J:\SIMPLILEARN\eclipse\plugins\org.eclipse.justj.openjdk.hotspot.jre.full.win32.x86_64_15.0.1.v20201027-0507\jre\bin\VCRUNTIME140.dll
0x00007ff894660000 - 0x00007ff894801000 	C:\WINDOWS\System32\USER32.dll
0x00007ff892460000 - 0x00007ff892482000 	C:\WINDOWS\System32\win32u.dll
0x00007ff87eb30000 - 0x00007ff87edca000 	C:\WINDOWS\WinSxS\amd64_microsoft.windows.common-controls_6595b64144ccf1df_6.0.19041.1110_none_60b5254171f9507e\COMCTL32.dll
0x00007ff892ad0000 - 0x00007ff892afb000 	C:\WINDOWS\System32\GDI32.dll
0x00007ff894510000 - 0x00007ff8945ae000 	C:\WINDOWS\System32\msvcrt.dll
0x00007ff892850000 - 0x00007ff89295b000 	C:\WINDOWS\System32\gdi32full.dll
0x00007ff8926a0000 - 0x00007ff89273d000 	C:\WINDOWS\System32\msvcp_win.dll
0x00007ff894630000 - 0x00007ff894660000 	C:\WINDOWS\System32\IMM32.DLL
0x00007ff88d740000 - 0x00007ff88d74c000 	J:\SIMPLILEARN\eclipse\plugins\org.eclipse.justj.openjdk.hotspot.jre.full.win32.x86_64_15.0.1.v20201027-0507\jre\bin\vcruntime140_1.dll
0x00007ff88aab0000 - 0x00007ff88ab41000 	J:\SIMPLILEARN\eclipse\plugins\org.eclipse.justj.openjdk.hotspot.jre.full.win32.x86_64_15.0.1.v20201027-0507\jre\bin\msvcp140.dll
0x00007ff84ef10000 - 0x00007ff84fa6e000 	J:\SIMPLILEARN\eclipse\plugins\org.eclipse.justj.openjdk.hotspot.jre.full.win32.x86_64_15.0.1.v20201027-0507\jre\bin\server\jvm.dll
0x00007ff892f30000 - 0x00007ff892fdc000 	C:\WINDOWS\System32\ADVAPI32.dll
0x00007ff8935b0000 - 0x00007ff89364b000 	C:\WINDOWS\System32\sechost.dll
0x00007ff892b60000 - 0x00007ff892c8a000 	C:\WINDOWS\System32\RPCRT4.dll
0x00007ff892cb0000 - 0x00007ff892cb8000 	C:\WINDOWS\System32\PSAPI.DLL
0x00007ff87e120000 - 0x00007ff87e129000 	C:\WINDOWS\SYSTEM32\WSOCK32.dll
0x00007ff893d60000 - 0x00007ff893dcb000 	C:\WINDOWS\System32\WS2_32.dll
0x00007ff87e130000 - 0x00007ff87e157000 	C:\WINDOWS\SYSTEM32\WINMM.dll
0x00007ff88a750000 - 0x00007ff88a75a000 	C:\WINDOWS\SYSTEM32\VERSION.dll
0x00007ff8908b0000 - 0x00007ff8908c2000 	C:\WINDOWS\SYSTEM32\kernel.appcore.dll
0x00007ff88bf50000 - 0x00007ff88bf5a000 	J:\SIMPLILEARN\eclipse\plugins\org.eclipse.justj.openjdk.hotspot.jre.full.win32.x86_64_15.0.1.v20201027-0507\jre\bin\jimage.dll
0x00007ff88f940000 - 0x00007ff88fb24000 	C:\WINDOWS\SYSTEM32\DBGHELP.DLL
0x00007ff87bff0000 - 0x00007ff87c01c000 	C:\WINDOWS\SYSTEM32\dbgcore.DLL
0x00007ff892490000 - 0x00007ff892513000 	C:\WINDOWS\System32\bcryptPrimitives.dll
0x00007ff88bc70000 - 0x00007ff88bc95000 	J:\SIMPLILEARN\eclipse\plugins\org.eclipse.justj.openjdk.hotspot.jre.full.win32.x86_64_15.0.1.v20201027-0507\jre\bin\java.dll
0x00007ff88bc50000 - 0x00007ff88bc68000 	J:\SIMPLILEARN\eclipse\plugins\org.eclipse.justj.openjdk.hotspot.jre.full.win32.x86_64_15.0.1.v20201027-0507\jre\bin\zip.dll
0x00007ff893dd0000 - 0x00007ff89450f000 	C:\WINDOWS\System32\SHELL32.dll
0x00007ff890110000 - 0x00007ff8908a0000 	C:\WINDOWS\SYSTEM32\windows.storage.dll
0x00007ff8931a0000 - 0x00007ff8934f5000 	C:\WINDOWS\System32\combase.dll
0x00007ff8919b0000 - 0x00007ff8919dc000 	C:\WINDOWS\SYSTEM32\Wldp.dll
0x00007ff892960000 - 0x00007ff892a0d000 	C:\WINDOWS\System32\SHCORE.dll
0x00007ff894870000 - 0x00007ff8948c5000 	C:\WINDOWS\System32\shlwapi.dll
0x00007ff891f70000 - 0x00007ff891f8f000 	C:\WINDOWS\SYSTEM32\profapi.dll
0x00007ff88bb80000 - 0x00007ff88bb99000 	J:\SIMPLILEARN\eclipse\plugins\org.eclipse.justj.openjdk.hotspot.jre.full.win32.x86_64_15.0.1.v20201027-0507\jre\bin\net.dll
0x00007ff87fa20000 - 0x00007ff87fb28000 	C:\WINDOWS\SYSTEM32\WINHTTP.dll
0x00007ff891710000 - 0x00007ff89177a000 	C:\WINDOWS\system32\mswsock.dll
0x00007ff88a620000 - 0x00007ff88a632000 	J:\SIMPLILEARN\eclipse\plugins\org.eclipse.justj.openjdk.hotspot.jre.full.win32.x86_64_15.0.1.v20201027-0507\jre\bin\nio.dll
0x00007ff891440000 - 0x00007ff89150c000 	C:\WINDOWS\SYSTEM32\DNSAPI.dll
0x00007ff891400000 - 0x00007ff89143b000 	C:\WINDOWS\SYSTEM32\IPHLPAPI.DLL
0x00007ff893720000 - 0x00007ff893728000 	C:\WINDOWS\System32\NSI.dll
0x00007ff88a710000 - 0x00007ff88a71a000 	C:\Windows\System32\rasadhlp.dll
0x00007ff87f8e0000 - 0x00007ff87f95f000 	C:\WINDOWS\System32\fwpuclnt.dll
0x00007ff892620000 - 0x00007ff892647000 	C:\WINDOWS\System32\bcrypt.dll
0x00007ff88bb30000 - 0x00007ff88bb40000 	J:\SIMPLILEARN\eclipse\plugins\org.eclipse.justj.openjdk.hotspot.jre.full.win32.x86_64_15.0.1.v20201027-0507\jre\bin\verify.dll
0x00007ff891910000 - 0x00007ff891928000 	C:\WINDOWS\SYSTEM32\CRYPTSP.dll
0x00007ff891090000 - 0x00007ff8910c4000 	C:\WINDOWS\system32\rsaenh.dll
0x00007ff891f30000 - 0x00007ff891f5e000 	C:\WINDOWS\SYSTEM32\USERENV.dll
0x00007ff891900000 - 0x00007ff89190c000 	C:\WINDOWS\SYSTEM32\CRYPTBASE.dll
0x00007ff8854c0000 - 0x00007ff8854d7000 	C:\WINDOWS\SYSTEM32\dhcpcsvc6.DLL
0x00007ff885cf0000 - 0x00007ff885d0d000 	C:\WINDOWS\SYSTEM32\dhcpcsvc.DLL
0x00007ff88b180000 - 0x00007ff88b18d000 	J:\SIMPLILEARN\eclipse\plugins\org.eclipse.justj.openjdk.hotspot.jre.full.win32.x86_64_15.0.1.v20201027-0507\jre\bin\sunmscapi.dll
0x00007ff892030000 - 0x00007ff892186000 	C:\WINDOWS\System32\CRYPT32.dll
0x00007ff891a20000 - 0x00007ff891a47000 	C:\WINDOWS\SYSTEM32\ncrypt.dll
0x00007ff8919e0000 - 0x00007ff891a1b000 	C:\WINDOWS\SYSTEM32\NTASN1.dll
0x00007ff8740b0000 - 0x00007ff8740c7000 	C:\WINDOWS\system32\napinsp.dll
0x00007ff874090000 - 0x00007ff8740ab000 	C:\WINDOWS\system32\pnrpnsp.dll
0x00007ff88cb90000 - 0x00007ff88cba5000 	C:\WINDOWS\system32\wshbth.dll
0x00007ff88d690000 - 0x00007ff88d6ad000 	C:\WINDOWS\system32\NLAapi.dll
0x00007ff874070000 - 0x00007ff874082000 	C:\WINDOWS\System32\winrnr.dll

dbghelp: loaded successfully - version: 4.0.5 - missing functions: none
symbol engine: initialized successfully - sym options: 0x614 - pdb path: .;J:\SIMPLILEARN\eclipse\plugins\org.eclipse.justj.openjdk.hotspot.jre.full.win32.x86_64_15.0.1.v20201027-0507\jre\bin;C:\WINDOWS\SYSTEM32;C:\WINDOWS\WinSxS\amd64_microsoft.windows.common-controls_6595b64144ccf1df_6.0.19041.1110_none_60b5254171f9507e;J:\SIMPLILEARN\eclipse\plugins\org.eclipse.justj.openjdk.hotspot.jre.full.win32.x86_64_15.0.1.v20201027-0507\jre\bin\server

VM Arguments:
jvm_args: -ea -Dfile.encoding=Cp1252 -XX:+ShowCodeDetailsInExceptionMessages 
java_command: org.testng.remote.RemoteTestNG -serport 57058 -protocol json -d J:\WORKSPACE\WORKSPACE 1\selenium project\test-output C:\Users\KEDARN~1\AppData\Local\Temp\testng-eclipse-570613409\testng-customsuite.xml
java_class_path (initial): C:\eclipse\configuration\org.eclipse.osgi\929\0\.cp\lib\testng-remote.jar;J:\WORKSPACE\WORKSPACE 1\selenium project\bin;J:\SIMPLILEARN\SOFTWARES\SELENIUM JAR FILES\SELENIUM SETUP\selenium-server-3.9.0\libs\bundle-jars.jar;J:\SIMPLILEARN\SOFTWARES\SELENIUM JAR FILES\SELENIUM SETUP\selenium-server-3.9.0\libs\byte-buddy-1.7.9.jar;J:\SIMPLILEARN\SOFTWARES\SELENIUM JAR FILES\SELENIUM SETUP\selenium-server-3.9.0\libs\commons-codec-1.10.jar;J:\SIMPLILEARN\SOFTWARES\SELENIUM JAR FILES\SELENIUM SETUP\selenium-server-3.9.0\libs\commons-exec-1.3.jar;J:\SIMPLILEARN\SOFTWARES\SELENIUM JAR FILES\SELENIUM SETUP\selenium-server-3.9.0\libs\commons-io-2.6.jar;J:\SIMPLILEARN\SOFTWARES\SELENIUM JAR FILES\SELENIUM SETUP\selenium-server-3.9.0\libs\commons-lang3-3.7.jar;J:\SIMPLILEARN\SOFTWARES\SELENIUM JAR FILES\SELENIUM SETUP\selenium-server-3.9.0\libs\commons-logging-1.2.jar;J:\SIMPLILEARN\SOFTWARES\SELENIUM JAR FILES\SELENIUM SETUP\selenium-server-3.9.0\libs\commons-net-3.6.jar;J:\SIMPLILEARN\SOFTWARES\SELENIUM JAR FILES\SELENIUM SETUP\selenium-server-3.9.0\libs\commons-text-1.1.jar;J:\SIMPLILEARN\SOFTWARES\SELENIUM JAR FILES\SELENIUM SETUP\selenium-server-3.9.0\libs\cssparser-0.9.24.jar;J:\SIMPLILEARN\SOFTWARES\SELENIUM JAR FILES\SELENIUM SETUP\selenium-server-3.9.0\libs\gson-2.8.2.jar;J:\SIMPLILEARN\SOFTWARES\SELENIUM JAR FILES\SELENIUM SETUP\selenium-server-3.9.0\libs\guava-23.6-jre.jar;J:\SIMPLILEARN\SOFTWARES\SELENIUM JAR FILES\SELENIUM SETUP\selenium-server-3.9.0\libs\htmlunit-2.29.jar;J:\SIMPLILEARN\SOFTWARES\SELENIUM JAR FILES\SELENIUM SETUP\selenium-server-3.9.0\libs\htmlunit-core-js-2.28.jar;J:\SIMPLILEARN\SOFTWARES\SELENIUM JAR FILES\SELENIUM SETUP\selenium-server-3.9.0\libs\htmlunit-driver-2.29.0.jar;J:\SIMPLILEARN\SOFTWARES\SELENIUM JAR FILES\SELENIUM SETUP\selenium-server-3.9.0\libs\httpclient-4.5.3.jar;J:\SIMPLILEARN\SOFTWARES\SELENIUM JAR FILES\SELENIUM SETUP\selenium-server-3.9.0\libs\httpcore-4.4.6.jar;J:\SIMPLILEARN\SOFTWARES\SELENIUM JA
Launcher Type: SUN_STANDARD

[Global flags]
     intx CICompilerCount                          = 3                                         {product} {ergonomic}
     uint ConcGCThreads                            = 1                                         {product} {ergonomic}
     uint G1ConcRefinementThreads                  = 4                                         {product} {ergonomic}
   size_t G1HeapRegionSize                         = 1048576                                   {product} {ergonomic}
    uintx GCDrainStackTargetSize                   = 64                                        {product} {ergonomic}
   size_t InitialHeapSize                          = 65011712                                  {product} {ergonomic}
   size_t MarkStackSize                            = 4194304                                   {product} {ergonomic}
   size_t MaxHeapSize                              = 1040187392                                {product} {ergonomic}
   size_t MaxNewSize                               = 623902720                                 {product} {ergonomic}
   size_t MinHeapDeltaBytes                        = 1048576                                   {product} {ergonomic}
   size_t MinHeapSize                              = 8388608                                   {product} {ergonomic}
    uintx NonNMethodCodeHeapSize                   = 5832780                                {pd product} {ergonomic}
    uintx NonProfiledCodeHeapSize                  = 122912730                              {pd product} {ergonomic}
    uintx ProfiledCodeHeapSize                     = 122912730                              {pd product} {ergonomic}
    uintx ReservedCodeCacheSize                    = 251658240                              {pd product} {ergonomic}
     bool SegmentedCodeCache                       = true                                      {product} {ergonomic}
     bool ShowCodeDetailsInExceptionMessages       = true                                   {manageable} {command line}
   size_t SoftMaxHeapSize                          = 1040187392                             {manageable} {ergonomic}
     bool UseCompressedClassPointers               = true                                 {lp64_product} {ergonomic}
     bool UseCompressedOops                        = true                                 {lp64_product} {ergonomic}
     bool UseG1GC                                  = true                                      {product} {ergonomic}
     bool UseLargePagesIndividualAllocation        = false                                  {pd product} {ergonomic}

Logging:
Log output configuration:
 #0: stdout all=warning uptime,level,tags
 #1: stderr all=off uptime,level,tags

Environment Variables:
JAVA_HOME=C:\jdk-16.0.1
PATH=C:/eclipse//plugins/org.eclipse.justj.openjdk.hotspot.jre.full.win32.x86_64_15.0.1.v20201027-0507/jre/bin/server;C:/eclipse//plugins/org.eclipse.justj.openjdk.hotspot.jre.full.win32.x86_64_15.0.1.v20201027-0507/jre/bin;C:\Program Files (x86)\Common Files\Oracle\Java\javapath;C:\WINDOWS\system32;C:\WINDOWS;C:\WINDOWS\System32\Wbem;C:\WINDOWS\System32\WindowsPowerShell\v1.0\;C:\WINDOWS\System32\OpenSSH\;C:\Program Files\Paragon Software\Partition Manager 17 CE\bluescrn\;C:\Program Files\nodejs\;C:\jdk-16.0.1\bin;C:\Program Files\Git\cmd;C:\Program Files\MySQL\MySQL Shell 8.0\bin\;C:\Users\KEDARNATH\AppData\Local\Microsoft\WindowsApps;C:\Users\KEDARNATH\AppData\Roaming\npm;C:\eclipse;
USERNAME=KEDARNATH
OS=Windows_NT
PROCESSOR_IDENTIFIER=Intel64 Family 6 Model 78 Stepping 3, GenuineIntel



---------------  S Y S T E M  ---------------

OS:
 Windows 10 , 64 bit Build 19041 (10.0.19041.1202)
OS uptime: 0 days 2:59 hours

CPU: total 4 (initial active 4) (2 cores per cpu, 2 threads per core) family 6 model 78 stepping 3 microcode 0xcc, cmov, cx8, fxsr, mmx, sse, sse2, sse3, ssse3, sse4.1, sse4.2, popcnt, vzeroupper, avx, avx2, aes, clmul, erms, 3dnowpref, lzcnt, ht, tsc, tscinvbit, bmi1, bmi2, adx, fma, clflush, clflushopt

Memory: 4k page, system-wide physical 3961M (326M free)
TotalPageFile size 5352M (AvailPageFile size 1M)
current process WorkingSet (physical memory assigned to process): 80M, peak: 91M
current process commit charge ("private bytes"): 127M, peak: 157M

vm_info: OpenJDK 64-Bit Server VM (15.0.1+9-18) for windows-amd64 JRE (15.0.1+9-18), built on Sep 15 2020 14:39:31 by "mach5one" with unknown MS VC++:1925

END.
